The system is: Darwin - 17.4.0 - x86_64
Compiling the C compiler identification source file "CMakeCCompilerId.c" succeeded.
Compiler: /Library/Developer/CommandLineTools/usr/bin/cc 
Build flags: 
Id flags:  

The output was:
0


Compilation of the C compiler identification source "CMakeCCompilerId.c" produced "a.out"

The C compiler identification is AppleClang, found in "/Users/chenyao/Documents/GitHub/cs348b-2018-YaoChen/build/CMakeFiles/3.10.0/CompilerIdC/a.out"

Compiling the CXX compiler identification source file "CMakeCXXCompilerId.cpp" succeeded.
Compiler: /Library/Developer/CommandLineTools/usr/bin/c++ 
Build flags: 
Id flags:  

The output was:
0


Compilation of the CXX compiler identification source "CMakeCXXCompilerId.cpp" produced "a.out"

The CXX compiler identification is AppleClang, found in "/Users/chenyao/Documents/GitHub/cs348b-2018-YaoChen/build/CMakeFiles/3.10.0/CompilerIdCXX/a.out"

Determining if the C compiler works passed with the following output:
Change Dir: /Users/chenyao/Documents/GitHub/cs348b-2018-YaoChen/build/CMakeFiles/CMakeTmp

Run Build Command:"/usr/bin/make" "cmTC_d7dc8/fast"
/Library/Developer/CommandLineTools/usr/bin/make -f CMakeFiles/cmTC_d7dc8.dir/build.make CMakeFiles/cmTC_d7dc8.dir/build
Building C object CMakeFiles/cmTC_d7dc8.dir/testCCompiler.c.o
/Library/Developer/CommandLineTools/usr/bin/cc    -o CMakeFiles/cmTC_d7dc8.dir/testCCompiler.c.o   -c /Users/chenyao/Documents/GitHub/cs348b-2018-YaoChen/build/CMakeFiles/CMakeTmp/testCCompiler.c
Linking C executable cmTC_d7dc8
/Library/Python/2.7/site-packages/cmake/data/CMake.app/Contents/bin/cmake -E cmake_link_script CMakeFiles/cmTC_d7dc8.dir/link.txt --verbose=1
/Library/Developer/CommandLineTools/usr/bin/cc   -Wl,-search_paths_first -Wl,-headerpad_max_install_names   CMakeFiles/cmTC_d7dc8.dir/testCCompiler.c.o  -o cmTC_d7dc8 


Detecting C compiler ABI info compiled with the following output:
Change Dir: /Users/chenyao/Documents/GitHub/cs348b-2018-YaoChen/build/CMakeFiles/CMakeTmp

Run Build Command:"/usr/bin/make" "cmTC_315ce/fast"
/Library/Developer/CommandLineTools/usr/bin/make -f CMakeFiles/cmTC_315ce.dir/build.make CMakeFiles/cmTC_315ce.dir/build
Building C object CMakeFiles/cmTC_315ce.dir/CMakeCCompilerABI.c.o
/Library/Developer/CommandLineTools/usr/bin/cc    -o CMakeFiles/cmTC_315ce.dir/CMakeCCompilerABI.c.o   -c /Library/Python/2.7/site-packages/cmake/data/CMake.app/Contents/share/cmake-3.10/Modules/CMakeCCompilerABI.c
Linking C executable cmTC_315ce
/Library/Python/2.7/site-packages/cmake/data/CMake.app/Contents/bin/cmake -E cmake_link_script CMakeFiles/cmTC_315ce.dir/link.txt --verbose=1
/Library/Developer/CommandLineTools/usr/bin/cc   -Wl,-search_paths_first -Wl,-headerpad_max_install_names  -v -Wl,-v CMakeFiles/cmTC_315ce.dir/CMakeCCompilerABI.c.o  -o cmTC_315ce 
Apple LLVM version 9.1.0 (clang-902.0.39.1)
Target: x86_64-apple-darwin17.4.0
Thread model: posix
InstalledDir: /Library/Developer/CommandLineTools/usr/bin
 "/Library/Developer/CommandLineTools/usr/bin/ld" -demangle -lto_library /Library/Developer/CommandLineTools/usr/lib/libLTO.dylib -dynamic -arch x86_64 -macosx_version_min 10.13.0 -o cmTC_315ce -search_paths_first -headerpad_max_install_names -v CMakeFiles/cmTC_315ce.dir/CMakeCCompilerABI.c.o -lSystem /Library/Developer/CommandLineTools/usr/lib/clang/9.1.0/lib/darwin/libclang_rt.osx.a
@(#)PROGRAM:ld  PROJECT:ld64-351.8
configured to support archs: armv6 armv7 armv7s arm64 i386 x86_64 x86_64h armv6m armv7k armv7m armv7em (tvOS)
Library search paths:
	/usr/lib
	/usr/local/lib
Framework search paths:
	/Library/Frameworks/
	/System/Library/Frameworks/


Parsed C implicit link information from above output:
  link line regex: [^( *|.*[/\])(ld|CMAKE_LINK_STARTFILE-NOTFOUND|([^/\]+-)?ld|collect2)[^/\]*( |$)]
  ignore line: [Change Dir: /Users/chenyao/Documents/GitHub/cs348b-2018-YaoChen/build/CMakeFiles/CMakeTmp]
  ignore line: []
  ignore line: [Run Build Command:"/usr/bin/make" "cmTC_315ce/fast"]
  ignore line: [/Library/Developer/CommandLineTools/usr/bin/make -f CMakeFiles/cmTC_315ce.dir/build.make CMakeFiles/cmTC_315ce.dir/build]
  ignore line: [Building C object CMakeFiles/cmTC_315ce.dir/CMakeCCompilerABI.c.o]
  ignore line: [/Library/Developer/CommandLineTools/usr/bin/cc    -o CMakeFiles/cmTC_315ce.dir/CMakeCCompilerABI.c.o   -c /Library/Python/2.7/site-packages/cmake/data/CMake.app/Contents/share/cmake-3.10/Modules/CMakeCCompilerABI.c]
  ignore line: [Linking C executable cmTC_315ce]
  ignore line: [/Library/Python/2.7/site-packages/cmake/data/CMake.app/Contents/bin/cmake -E cmake_link_script CMakeFiles/cmTC_315ce.dir/link.txt --verbose=1]
  ignore line: [/Library/Developer/CommandLineTools/usr/bin/cc   -Wl,-search_paths_first -Wl,-headerpad_max_install_names  -v -Wl,-v CMakeFiles/cmTC_315ce.dir/CMakeCCompilerABI.c.o  -o cmTC_315ce ]
  ignore line: [Apple LLVM version 9.1.0 (clang-902.0.39.1)]
  ignore line: [Target: x86_64-apple-darwin17.4.0]
  ignore line: [Thread model: posix]
  ignore line: [InstalledDir: /Library/Developer/CommandLineTools/usr/bin]
  link line: [ "/Library/Developer/CommandLineTools/usr/bin/ld" -demangle -lto_library /Library/Developer/CommandLineTools/usr/lib/libLTO.dylib -dynamic -arch x86_64 -macosx_version_min 10.13.0 -o cmTC_315ce -search_paths_first -headerpad_max_install_names -v CMakeFiles/cmTC_315ce.dir/CMakeCCompilerABI.c.o -lSystem /Library/Developer/CommandLineTools/usr/lib/clang/9.1.0/lib/darwin/libclang_rt.osx.a]
    arg [/Library/Developer/CommandLineTools/usr/bin/ld] ==> ignore
    arg [-demangle] ==> ignore
    arg [-lto_library] ==> ignore, skip following value
    arg [/Library/Developer/CommandLineTools/usr/lib/libLTO.dylib] ==> skip value of -lto_library
    arg [-dynamic] ==> ignore
    arg [-arch] ==> ignore
    arg [x86_64] ==> ignore
    arg [-macosx_version_min] ==> ignore
    arg [10.13.0] ==> ignore
    arg [-o] ==> ignore
    arg [cmTC_315ce] ==> ignore
    arg [-search_paths_first] ==> ignore
    arg [-headerpad_max_install_names] ==> ignore
    arg [-v] ==> ignore
    arg [CMakeFiles/cmTC_315ce.dir/CMakeCCompilerABI.c.o] ==> ignore
    arg [-lSystem] ==> lib [System]
    arg [/Library/Developer/CommandLineTools/usr/lib/clang/9.1.0/lib/darwin/libclang_rt.osx.a] ==> lib [/Library/Developer/CommandLineTools/usr/lib/clang/9.1.0/lib/darwin/libclang_rt.osx.a]
  Library search paths: [;/usr/lib;/usr/local/lib]
  Framework search paths: [;/Library/Frameworks/;/System/Library/Frameworks/]
  remove lib [System]
  remove lib [/Library/Developer/CommandLineTools/usr/lib/clang/9.1.0/lib/darwin/libclang_rt.osx.a]
  collapse library dir [/usr/lib] ==> [/usr/lib]
  collapse library dir [/usr/local/lib] ==> [/usr/local/lib]
  collapse framework dir [/Library/Frameworks/] ==> [/Library/Frameworks]
  collapse framework dir [/System/Library/Frameworks/] ==> [/System/Library/Frameworks]
  implicit libs: []
  implicit dirs: [/usr/lib;/usr/local/lib]
  implicit fwks: [/Library/Frameworks;/System/Library/Frameworks]




Detecting C [-std=c11] compiler features compiled with the following output:
Change Dir: /Users/chenyao/Documents/GitHub/cs348b-2018-YaoChen/build/CMakeFiles/CMakeTmp

Run Build Command:"/usr/bin/make" "cmTC_1b0eb/fast"
/Library/Developer/CommandLineTools/usr/bin/make -f CMakeFiles/cmTC_1b0eb.dir/build.make CMakeFiles/cmTC_1b0eb.dir/build
Building C object CMakeFiles/cmTC_1b0eb.dir/feature_tests.c.o
/Library/Developer/CommandLineTools/usr/bin/cc   -std=c11 -o CMakeFiles/cmTC_1b0eb.dir/feature_tests.c.o   -c /Users/chenyao/Documents/GitHub/cs348b-2018-YaoChen/build/CMakeFiles/feature_tests.c
Linking C executable cmTC_1b0eb
/Library/Python/2.7/site-packages/cmake/data/CMake.app/Contents/bin/cmake -E cmake_link_script CMakeFiles/cmTC_1b0eb.dir/link.txt --verbose=1
/Library/Developer/CommandLineTools/usr/bin/cc   -Wl,-search_paths_first -Wl,-headerpad_max_install_names   CMakeFiles/cmTC_1b0eb.dir/feature_tests.c.o  -o cmTC_1b0eb 


    Feature record: C_FEATURE:1c_function_prototypes
    Feature record: C_FEATURE:1c_restrict
    Feature record: C_FEATURE:1c_static_assert
    Feature record: C_FEATURE:1c_variadic_macros


Detecting C [-std=c99] compiler features compiled with the following output:
Change Dir: /Users/chenyao/Documents/GitHub/cs348b-2018-YaoChen/build/CMakeFiles/CMakeTmp

Run Build Command:"/usr/bin/make" "cmTC_fa779/fast"
/Library/Developer/CommandLineTools/usr/bin/make -f CMakeFiles/cmTC_fa779.dir/build.make CMakeFiles/cmTC_fa779.dir/build
Building C object CMakeFiles/cmTC_fa779.dir/feature_tests.c.o
/Library/Developer/CommandLineTools/usr/bin/cc   -std=c99 -o CMakeFiles/cmTC_fa779.dir/feature_tests.c.o   -c /Users/chenyao/Documents/GitHub/cs348b-2018-YaoChen/build/CMakeFiles/feature_tests.c
Linking C executable cmTC_fa779
/Library/Python/2.7/site-packages/cmake/data/CMake.app/Contents/bin/cmake -E cmake_link_script CMakeFiles/cmTC_fa779.dir/link.txt --verbose=1
/Library/Developer/CommandLineTools/usr/bin/cc   -Wl,-search_paths_first -Wl,-headerpad_max_install_names   CMakeFiles/cmTC_fa779.dir/feature_tests.c.o  -o cmTC_fa779 


    Feature record: C_FEATURE:1c_function_prototypes
    Feature record: C_FEATURE:1c_restrict
    Feature record: C_FEATURE:0c_static_assert
    Feature record: C_FEATURE:1c_variadic_macros


Detecting C [-std=c90] compiler features compiled with the following output:
Change Dir: /Users/chenyao/Documents/GitHub/cs348b-2018-YaoChen/build/CMakeFiles/CMakeTmp

Run Build Command:"/usr/bin/make" "cmTC_3702e/fast"
/Library/Developer/CommandLineTools/usr/bin/make -f CMakeFiles/cmTC_3702e.dir/build.make CMakeFiles/cmTC_3702e.dir/build
Building C object CMakeFiles/cmTC_3702e.dir/feature_tests.c.o
/Library/Developer/CommandLineTools/usr/bin/cc   -std=c90 -o CMakeFiles/cmTC_3702e.dir/feature_tests.c.o   -c /Users/chenyao/Documents/GitHub/cs348b-2018-YaoChen/build/CMakeFiles/feature_tests.c
Linking C executable cmTC_3702e
/Library/Python/2.7/site-packages/cmake/data/CMake.app/Contents/bin/cmake -E cmake_link_script CMakeFiles/cmTC_3702e.dir/link.txt --verbose=1
/Library/Developer/CommandLineTools/usr/bin/cc   -Wl,-search_paths_first -Wl,-headerpad_max_install_names   CMakeFiles/cmTC_3702e.dir/feature_tests.c.o  -o cmTC_3702e 


    Feature record: C_FEATURE:1c_function_prototypes
    Feature record: C_FEATURE:0c_restrict
    Feature record: C_FEATURE:0c_static_assert
    Feature record: C_FEATURE:0c_variadic_macros
Determining if the CXX compiler works passed with the following output:
Change Dir: /Users/chenyao/Documents/GitHub/cs348b-2018-YaoChen/build/CMakeFiles/CMakeTmp

Run Build Command:"/usr/bin/make" "cmTC_e7bc0/fast"
/Library/Developer/CommandLineTools/usr/bin/make -f CMakeFiles/cmTC_e7bc0.dir/build.make CMakeFiles/cmTC_e7bc0.dir/build
Building CXX object CMakeFiles/cmTC_e7bc0.dir/testCXXCompiler.cxx.o
/Library/Developer/CommandLineTools/usr/bin/c++     -o CMakeFiles/cmTC_e7bc0.dir/testCXXCompiler.cxx.o -c /Users/chenyao/Documents/GitHub/cs348b-2018-YaoChen/build/CMakeFiles/CMakeTmp/testCXXCompiler.cxx
Linking CXX executable cmTC_e7bc0
/Library/Python/2.7/site-packages/cmake/data/CMake.app/Contents/bin/cmake -E cmake_link_script CMakeFiles/cmTC_e7bc0.dir/link.txt --verbose=1
/Library/Developer/CommandLineTools/usr/bin/c++    -Wl,-search_paths_first -Wl,-headerpad_max_install_names   CMakeFiles/cmTC_e7bc0.dir/testCXXCompiler.cxx.o  -o cmTC_e7bc0 


Detecting CXX compiler ABI info compiled with the following output:
Change Dir: /Users/chenyao/Documents/GitHub/cs348b-2018-YaoChen/build/CMakeFiles/CMakeTmp

Run Build Command:"/usr/bin/make" "cmTC_f4414/fast"
/Library/Developer/CommandLineTools/usr/bin/make -f CMakeFiles/cmTC_f4414.dir/build.make CMakeFiles/cmTC_f4414.dir/build
Building CXX object CMakeFiles/cmTC_f4414.dir/CMakeCXXCompilerABI.cpp.o
/Library/Developer/CommandLineTools/usr/bin/c++     -o CMakeFiles/cmTC_f4414.dir/CMakeCXXCompilerABI.cpp.o -c /Library/Python/2.7/site-packages/cmake/data/CMake.app/Contents/share/cmake-3.10/Modules/CMakeCXXCompilerABI.cpp
Linking CXX executable cmTC_f4414
/Library/Python/2.7/site-packages/cmake/data/CMake.app/Contents/bin/cmake -E cmake_link_script CMakeFiles/cmTC_f4414.dir/link.txt --verbose=1
/Library/Developer/CommandLineTools/usr/bin/c++    -Wl,-search_paths_first -Wl,-headerpad_max_install_names  -v -Wl,-v CMakeFiles/cmTC_f4414.dir/CMakeCXXCompilerABI.cpp.o  -o cmTC_f4414 
Apple LLVM version 9.1.0 (clang-902.0.39.1)
Target: x86_64-apple-darwin17.4.0
Thread model: posix
InstalledDir: /Library/Developer/CommandLineTools/usr/bin
 "/Library/Developer/CommandLineTools/usr/bin/ld" -demangle -lto_library /Library/Developer/CommandLineTools/usr/lib/libLTO.dylib -dynamic -arch x86_64 -macosx_version_min 10.13.0 -o cmTC_f4414 -search_paths_first -headerpad_max_install_names -v CMakeFiles/cmTC_f4414.dir/CMakeCXXCompilerABI.cpp.o -lc++ -lSystem /Library/Developer/CommandLineTools/usr/lib/clang/9.1.0/lib/darwin/libclang_rt.osx.a
@(#)PROGRAM:ld  PROJECT:ld64-351.8
configured to support archs: armv6 armv7 armv7s arm64 i386 x86_64 x86_64h armv6m armv7k armv7m armv7em (tvOS)
Library search paths:
	/usr/lib
	/usr/local/lib
Framework search paths:
	/Library/Frameworks/
	/System/Library/Frameworks/


Parsed CXX implicit link information from above output:
  link line regex: [^( *|.*[/\])(ld|CMAKE_LINK_STARTFILE-NOTFOUND|([^/\]+-)?ld|collect2)[^/\]*( |$)]
  ignore line: [Change Dir: /Users/chenyao/Documents/GitHub/cs348b-2018-YaoChen/build/CMakeFiles/CMakeTmp]
  ignore line: []
  ignore line: [Run Build Command:"/usr/bin/make" "cmTC_f4414/fast"]
  ignore line: [/Library/Developer/CommandLineTools/usr/bin/make -f CMakeFiles/cmTC_f4414.dir/build.make CMakeFiles/cmTC_f4414.dir/build]
  ignore line: [Building CXX object CMakeFiles/cmTC_f4414.dir/CMakeCXXCompilerABI.cpp.o]
  ignore line: [/Library/Developer/CommandLineTools/usr/bin/c++     -o CMakeFiles/cmTC_f4414.dir/CMakeCXXCompilerABI.cpp.o -c /Library/Python/2.7/site-packages/cmake/data/CMake.app/Contents/share/cmake-3.10/Modules/CMakeCXXCompilerABI.cpp]
  ignore line: [Linking CXX executable cmTC_f4414]
  ignore line: [/Library/Python/2.7/site-packages/cmake/data/CMake.app/Contents/bin/cmake -E cmake_link_script CMakeFiles/cmTC_f4414.dir/link.txt --verbose=1]
  ignore line: [/Library/Developer/CommandLineTools/usr/bin/c++    -Wl,-search_paths_first -Wl,-headerpad_max_install_names  -v -Wl,-v CMakeFiles/cmTC_f4414.dir/CMakeCXXCompilerABI.cpp.o  -o cmTC_f4414 ]
  ignore line: [Apple LLVM version 9.1.0 (clang-902.0.39.1)]
  ignore line: [Target: x86_64-apple-darwin17.4.0]
  ignore line: [Thread model: posix]
  ignore line: [InstalledDir: /Library/Developer/CommandLineTools/usr/bin]
  link line: [ "/Library/Developer/CommandLineTools/usr/bin/ld" -demangle -lto_library /Library/Developer/CommandLineTools/usr/lib/libLTO.dylib -dynamic -arch x86_64 -macosx_version_min 10.13.0 -o cmTC_f4414 -search_paths_first -headerpad_max_install_names -v CMakeFiles/cmTC_f4414.dir/CMakeCXXCompilerABI.cpp.o -lc++ -lSystem /Library/Developer/CommandLineTools/usr/lib/clang/9.1.0/lib/darwin/libclang_rt.osx.a]
    arg [/Library/Developer/CommandLineTools/usr/bin/ld] ==> ignore
    arg [-demangle] ==> ignore
    arg [-lto_library] ==> ignore, skip following value
    arg [/Library/Developer/CommandLineTools/usr/lib/libLTO.dylib] ==> skip value of -lto_library
    arg [-dynamic] ==> ignore
    arg [-arch] ==> ignore
    arg [x86_64] ==> ignore
    arg [-macosx_version_min] ==> ignore
    arg [10.13.0] ==> ignore
    arg [-o] ==> ignore
    arg [cmTC_f4414] ==> ignore
    arg [-search_paths_first] ==> ignore
    arg [-headerpad_max_install_names] ==> ignore
    arg [-v] ==> ignore
    arg [CMakeFiles/cmTC_f4414.dir/CMakeCXXCompilerABI.cpp.o] ==> ignore
    arg [-lc++] ==> lib [c++]
    arg [-lSystem] ==> lib [System]
    arg [/Library/Developer/CommandLineTools/usr/lib/clang/9.1.0/lib/darwin/libclang_rt.osx.a] ==> lib [/Library/Developer/CommandLineTools/usr/lib/clang/9.1.0/lib/darwin/libclang_rt.osx.a]
  Library search paths: [;/usr/lib;/usr/local/lib]
  Framework search paths: [;/Library/Frameworks/;/System/Library/Frameworks/]
  remove lib [System]
  remove lib [/Library/Developer/CommandLineTools/usr/lib/clang/9.1.0/lib/darwin/libclang_rt.osx.a]
  collapse library dir [/usr/lib] ==> [/usr/lib]
  collapse library dir [/usr/local/lib] ==> [/usr/local/lib]
  collapse framework dir [/Library/Frameworks/] ==> [/Library/Frameworks]
  collapse framework dir [/System/Library/Frameworks/] ==> [/System/Library/Frameworks]
  implicit libs: [c++]
  implicit dirs: [/usr/lib;/usr/local/lib]
  implicit fwks: [/Library/Frameworks;/System/Library/Frameworks]




Detecting CXX [-std=c++1z] compiler features compiled with the following output:
Change Dir: /Users/chenyao/Documents/GitHub/cs348b-2018-YaoChen/build/CMakeFiles/CMakeTmp

Run Build Command:"/usr/bin/make" "cmTC_d0220/fast"
/Library/Developer/CommandLineTools/usr/bin/make -f CMakeFiles/cmTC_d0220.dir/build.make CMakeFiles/cmTC_d0220.dir/build
Building CXX object CMakeFiles/cmTC_d0220.dir/feature_tests.cxx.o
/Library/Developer/CommandLineTools/usr/bin/c++    -std=c++1z -o CMakeFiles/cmTC_d0220.dir/feature_tests.cxx.o -c /Users/chenyao/Documents/GitHub/cs348b-2018-YaoChen/build/CMakeFiles/feature_tests.cxx
Linking CXX executable cmTC_d0220
/Library/Python/2.7/site-packages/cmake/data/CMake.app/Contents/bin/cmake -E cmake_link_script CMakeFiles/cmTC_d0220.dir/link.txt --verbose=1
/Library/Developer/CommandLineTools/usr/bin/c++    -Wl,-search_paths_first -Wl,-headerpad_max_install_names   CMakeFiles/cmTC_d0220.dir/feature_tests.cxx.o  -o cmTC_d0220 


    Feature record: CXX_FEATURE:1cxx_aggregate_default_initializers
    Feature record: CXX_FEATURE:1cxx_alias_templates
    Feature record: CXX_FEATURE:1cxx_alignas
    Feature record: CXX_FEATURE:1cxx_alignof
    Feature record: CXX_FEATURE:1cxx_attributes
    Feature record: CXX_FEATURE:1cxx_attribute_deprecated
    Feature record: CXX_FEATURE:1cxx_auto_type
    Feature record: CXX_FEATURE:1cxx_binary_literals
    Feature record: CXX_FEATURE:1cxx_constexpr
    Feature record: CXX_FEATURE:1cxx_contextual_conversions
    Feature record: CXX_FEATURE:1cxx_decltype
    Feature record: CXX_FEATURE:1cxx_decltype_auto
    Feature record: CXX_FEATURE:1cxx_decltype_incomplete_return_types
    Feature record: CXX_FEATURE:1cxx_default_function_template_args
    Feature record: CXX_FEATURE:1cxx_defaulted_functions
    Feature record: CXX_FEATURE:1cxx_defaulted_move_initializers
    Feature record: CXX_FEATURE:1cxx_delegating_constructors
    Feature record: CXX_FEATURE:1cxx_deleted_functions
    Feature record: CXX_FEATURE:1cxx_digit_separators
    Feature record: CXX_FEATURE:1cxx_enum_forward_declarations
    Feature record: CXX_FEATURE:1cxx_explicit_conversions
    Feature record: CXX_FEATURE:1cxx_extended_friend_declarations
    Feature record: CXX_FEATURE:1cxx_extern_templates
    Feature record: CXX_FEATURE:1cxx_final
    Feature record: CXX_FEATURE:1cxx_func_identifier
    Feature record: CXX_FEATURE:1cxx_generalized_initializers
    Feature record: CXX_FEATURE:1cxx_generic_lambdas
    Feature record: CXX_FEATURE:1cxx_inheriting_constructors
    Feature record: CXX_FEATURE:1cxx_inline_namespaces
    Feature record: CXX_FEATURE:1cxx_lambdas
    Feature record: CXX_FEATURE:1cxx_lambda_init_captures
    Feature record: CXX_FEATURE:1cxx_local_type_template_args
    Feature record: CXX_FEATURE:1cxx_long_long_type
    Feature record: CXX_FEATURE:1cxx_noexcept
    Feature record: CXX_FEATURE:1cxx_nonstatic_member_init
    Feature record: CXX_FEATURE:1cxx_nullptr
    Feature record: CXX_FEATURE:1cxx_override
    Feature record: CXX_FEATURE:1cxx_range_for
    Feature record: CXX_FEATURE:1cxx_raw_string_literals
    Feature record: CXX_FEATURE:1cxx_reference_qualified_functions
    Feature record: CXX_FEATURE:1cxx_relaxed_constexpr
    Feature record: CXX_FEATURE:1cxx_return_type_deduction
    Feature record: CXX_FEATURE:1cxx_right_angle_brackets
    Feature record: CXX_FEATURE:1cxx_rvalue_references
    Feature record: CXX_FEATURE:1cxx_sizeof_member
    Feature record: CXX_FEATURE:1cxx_static_assert
    Feature record: CXX_FEATURE:1cxx_strong_enums
    Feature record: CXX_FEATURE:1cxx_template_template_parameters
    Feature record: CXX_FEATURE:1cxx_thread_local
    Feature record: CXX_FEATURE:1cxx_trailing_return_types
    Feature record: CXX_FEATURE:1cxx_unicode_literals
    Feature record: CXX_FEATURE:1cxx_uniform_initialization
    Feature record: CXX_FEATURE:1cxx_unrestricted_unions
    Feature record: CXX_FEATURE:1cxx_user_literals
    Feature record: CXX_FEATURE:1cxx_variable_templates
    Feature record: CXX_FEATURE:1cxx_variadic_macros
    Feature record: CXX_FEATURE:1cxx_variadic_templates


Detecting CXX [-std=c++14] compiler features compiled with the following output:
Change Dir: /Users/chenyao/Documents/GitHub/cs348b-2018-YaoChen/build/CMakeFiles/CMakeTmp

Run Build Command:"/usr/bin/make" "cmTC_0d33b/fast"
/Library/Developer/CommandLineTools/usr/bin/make -f CMakeFiles/cmTC_0d33b.dir/build.make CMakeFiles/cmTC_0d33b.dir/build
Building CXX object CMakeFiles/cmTC_0d33b.dir/feature_tests.cxx.o
/Library/Developer/CommandLineTools/usr/bin/c++    -std=c++14 -o CMakeFiles/cmTC_0d33b.dir/feature_tests.cxx.o -c /Users/chenyao/Documents/GitHub/cs348b-2018-YaoChen/build/CMakeFiles/feature_tests.cxx
Linking CXX executable cmTC_0d33b
/Library/Python/2.7/site-packages/cmake/data/CMake.app/Contents/bin/cmake -E cmake_link_script CMakeFiles/cmTC_0d33b.dir/link.txt --verbose=1
/Library/Developer/CommandLineTools/usr/bin/c++    -Wl,-search_paths_first -Wl,-headerpad_max_install_names   CMakeFiles/cmTC_0d33b.dir/feature_tests.cxx.o  -o cmTC_0d33b 


    Feature record: CXX_FEATURE:1cxx_aggregate_default_initializers
    Feature record: CXX_FEATURE:1cxx_alias_templates
    Feature record: CXX_FEATURE:1cxx_alignas
    Feature record: CXX_FEATURE:1cxx_alignof
    Feature record: CXX_FEATURE:1cxx_attributes
    Feature record: CXX_FEATURE:1cxx_attribute_deprecated
    Feature record: CXX_FEATURE:1cxx_auto_type
    Feature record: CXX_FEATURE:1cxx_binary_literals
    Feature record: CXX_FEATURE:1cxx_constexpr
    Feature record: CXX_FEATURE:1cxx_contextual_conversions
    Feature record: CXX_FEATURE:1cxx_decltype
    Feature record: CXX_FEATURE:1cxx_decltype_auto
    Feature record: CXX_FEATURE:1cxx_decltype_incomplete_return_types
    Feature record: CXX_FEATURE:1cxx_default_function_template_args
    Feature record: CXX_FEATURE:1cxx_defaulted_functions
    Feature record: CXX_FEATURE:1cxx_defaulted_move_initializers
    Feature record: CXX_FEATURE:1cxx_delegating_constructors
    Feature record: CXX_FEATURE:1cxx_deleted_functions
    Feature record: CXX_FEATURE:1cxx_digit_separators
    Feature record: CXX_FEATURE:1cxx_enum_forward_declarations
    Feature record: CXX_FEATURE:1cxx_explicit_conversions
    Feature record: CXX_FEATURE:1cxx_extended_friend_declarations
    Feature record: CXX_FEATURE:1cxx_extern_templates
    Feature record: CXX_FEATURE:1cxx_final
    Feature record: CXX_FEATURE:1cxx_func_identifier
    Feature record: CXX_FEATURE:1cxx_generalized_initializers
    Feature record: CXX_FEATURE:1cxx_generic_lambdas
    Feature record: CXX_FEATURE:1cxx_inheriting_constructors
    Feature record: CXX_FEATURE:1cxx_inline_namespaces
    Feature record: CXX_FEATURE:1cxx_lambdas
    Feature record: CXX_FEATURE:1cxx_lambda_init_captures
    Feature record: CXX_FEATURE:1cxx_local_type_template_args
    Feature record: CXX_FEATURE:1cxx_long_long_type
    Feature record: CXX_FEATURE:1cxx_noexcept
    Feature record: CXX_FEATURE:1cxx_nonstatic_member_init
    Feature record: CXX_FEATURE:1cxx_nullptr
    Feature record: CXX_FEATURE:1cxx_override
    Feature record: CXX_FEATURE:1cxx_range_for
    Feature record: CXX_FEATURE:1cxx_raw_string_literals
    Feature record: CXX_FEATURE:1cxx_reference_qualified_functions
    Feature record: CXX_FEATURE:1cxx_relaxed_constexpr
    Feature record: CXX_FEATURE:1cxx_return_type_deduction
    Feature record: CXX_FEATURE:1cxx_right_angle_brackets
    Feature record: CXX_FEATURE:1cxx_rvalue_references
    Feature record: CXX_FEATURE:1cxx_sizeof_member
    Feature record: CXX_FEATURE:1cxx_static_assert
    Feature record: CXX_FEATURE:1cxx_strong_enums
    Feature record: CXX_FEATURE:1cxx_template_template_parameters
    Feature record: CXX_FEATURE:1cxx_thread_local
    Feature record: CXX_FEATURE:1cxx_trailing_return_types
    Feature record: CXX_FEATURE:1cxx_unicode_literals
    Feature record: CXX_FEATURE:1cxx_uniform_initialization
    Feature record: CXX_FEATURE:1cxx_unrestricted_unions
    Feature record: CXX_FEATURE:1cxx_user_literals
    Feature record: CXX_FEATURE:1cxx_variable_templates
    Feature record: CXX_FEATURE:1cxx_variadic_macros
    Feature record: CXX_FEATURE:1cxx_variadic_templates


Detecting CXX [-std=c++11] compiler features compiled with the following output:
Change Dir: /Users/chenyao/Documents/GitHub/cs348b-2018-YaoChen/build/CMakeFiles/CMakeTmp

Run Build Command:"/usr/bin/make" "cmTC_536e4/fast"
/Library/Developer/CommandLineTools/usr/bin/make -f CMakeFiles/cmTC_536e4.dir/build.make CMakeFiles/cmTC_536e4.dir/build
Building CXX object CMakeFiles/cmTC_536e4.dir/feature_tests.cxx.o
/Library/Developer/CommandLineTools/usr/bin/c++    -std=c++11 -o CMakeFiles/cmTC_536e4.dir/feature_tests.cxx.o -c /Users/chenyao/Documents/GitHub/cs348b-2018-YaoChen/build/CMakeFiles/feature_tests.cxx
Linking CXX executable cmTC_536e4
/Library/Python/2.7/site-packages/cmake/data/CMake.app/Contents/bin/cmake -E cmake_link_script CMakeFiles/cmTC_536e4.dir/link.txt --verbose=1
/Library/Developer/CommandLineTools/usr/bin/c++    -Wl,-search_paths_first -Wl,-headerpad_max_install_names   CMakeFiles/cmTC_536e4.dir/feature_tests.cxx.o  -o cmTC_536e4 


    Feature record: CXX_FEATURE:0cxx_aggregate_default_initializers
    Feature record: CXX_FEATURE:1cxx_alias_templates
    Feature record: CXX_FEATURE:1cxx_alignas
    Feature record: CXX_FEATURE:1cxx_alignof
    Feature record: CXX_FEATURE:1cxx_attributes
    Feature record: CXX_FEATURE:0cxx_attribute_deprecated
    Feature record: CXX_FEATURE:1cxx_auto_type
    Feature record: CXX_FEATURE:0cxx_binary_literals
    Feature record: CXX_FEATURE:1cxx_constexpr
    Feature record: CXX_FEATURE:0cxx_contextual_conversions
    Feature record: CXX_FEATURE:1cxx_decltype
    Feature record: CXX_FEATURE:0cxx_decltype_auto
    Feature record: CXX_FEATURE:1cxx_decltype_incomplete_return_types
    Feature record: CXX_FEATURE:1cxx_default_function_template_args
    Feature record: CXX_FEATURE:1cxx_defaulted_functions
    Feature record: CXX_FEATURE:1cxx_defaulted_move_initializers
    Feature record: CXX_FEATURE:1cxx_delegating_constructors
    Feature record: CXX_FEATURE:1cxx_deleted_functions
    Feature record: CXX_FEATURE:0cxx_digit_separators
    Feature record: CXX_FEATURE:1cxx_enum_forward_declarations
    Feature record: CXX_FEATURE:1cxx_explicit_conversions
    Feature record: CXX_FEATURE:1cxx_extended_friend_declarations
    Feature record: CXX_FEATURE:1cxx_extern_templates
    Feature record: CXX_FEATURE:1cxx_final
    Feature record: CXX_FEATURE:1cxx_func_identifier
    Feature record: CXX_FEATURE:1cxx_generalized_initializers
    Feature record: CXX_FEATURE:0cxx_generic_lambdas
    Feature record: CXX_FEATURE:1cxx_inheriting_constructors
    Feature record: CXX_FEATURE:1cxx_inline_namespaces
    Feature record: CXX_FEATURE:1cxx_lambdas
    Feature record: CXX_FEATURE:0cxx_lambda_init_captures
    Feature record: CXX_FEATURE:1cxx_local_type_template_args
    Feature record: CXX_FEATURE:1cxx_long_long_type
    Feature record: CXX_FEATURE:1cxx_noexcept
    Feature record: CXX_FEATURE:1cxx_nonstatic_member_init
    Feature record: CXX_FEATURE:1cxx_nullptr
    Feature record: CXX_FEATURE:1cxx_override
    Feature record: CXX_FEATURE:1cxx_range_for
    Feature record: CXX_FEATURE:1cxx_raw_string_literals
    Feature record: CXX_FEATURE:1cxx_reference_qualified_functions
    Feature record: CXX_FEATURE:0cxx_relaxed_constexpr
    Feature record: CXX_FEATURE:0cxx_return_type_deduction
    Feature record: CXX_FEATURE:1cxx_right_angle_brackets
    Feature record: CXX_FEATURE:1cxx_rvalue_references
    Feature record: CXX_FEATURE:1cxx_sizeof_member
    Feature record: CXX_FEATURE:1cxx_static_assert
    Feature record: CXX_FEATURE:1cxx_strong_enums
    Feature record: CXX_FEATURE:1cxx_template_template_parameters
    Feature record: CXX_FEATURE:1cxx_thread_local
    Feature record: CXX_FEATURE:1cxx_trailing_return_types
    Feature record: CXX_FEATURE:1cxx_unicode_literals
    Feature record: CXX_FEATURE:1cxx_uniform_initialization
    Feature record: CXX_FEATURE:1cxx_unrestricted_unions
    Feature record: CXX_FEATURE:1cxx_user_literals
    Feature record: CXX_FEATURE:0cxx_variable_templates
    Feature record: CXX_FEATURE:1cxx_variadic_macros
    Feature record: CXX_FEATURE:1cxx_variadic_templates


Detecting CXX [-std=c++98] compiler features compiled with the following output:
Change Dir: /Users/chenyao/Documents/GitHub/cs348b-2018-YaoChen/build/CMakeFiles/CMakeTmp

Run Build Command:"/usr/bin/make" "cmTC_0cdc0/fast"
/Library/Developer/CommandLineTools/usr/bin/make -f CMakeFiles/cmTC_0cdc0.dir/build.make CMakeFiles/cmTC_0cdc0.dir/build
Building CXX object CMakeFiles/cmTC_0cdc0.dir/feature_tests.cxx.o
/Library/Developer/CommandLineTools/usr/bin/c++    -std=c++98 -o CMakeFiles/cmTC_0cdc0.dir/feature_tests.cxx.o -c /Users/chenyao/Documents/GitHub/cs348b-2018-YaoChen/build/CMakeFiles/feature_tests.cxx
Linking CXX executable cmTC_0cdc0
/Library/Python/2.7/site-packages/cmake/data/CMake.app/Contents/bin/cmake -E cmake_link_script CMakeFiles/cmTC_0cdc0.dir/link.txt --verbose=1
/Library/Developer/CommandLineTools/usr/bin/c++    -Wl,-search_paths_first -Wl,-headerpad_max_install_names   CMakeFiles/cmTC_0cdc0.dir/feature_tests.cxx.o  -o cmTC_0cdc0 


    Feature record: CXX_FEATURE:0cxx_aggregate_default_initializers
    Feature record: CXX_FEATURE:0cxx_alias_templates
    Feature record: CXX_FEATURE:0cxx_alignas
    Feature record: CXX_FEATURE:0cxx_alignof
    Feature record: CXX_FEATURE:0cxx_attributes
    Feature record: CXX_FEATURE:0cxx_attribute_deprecated
    Feature record: CXX_FEATURE:0cxx_auto_type
    Feature record: CXX_FEATURE:0cxx_binary_literals
    Feature record: CXX_FEATURE:0cxx_constexpr
    Feature record: CXX_FEATURE:0cxx_contextual_conversions
    Feature record: CXX_FEATURE:0cxx_decltype
    Feature record: CXX_FEATURE:0cxx_decltype_auto
    Feature record: CXX_FEATURE:0cxx_decltype_incomplete_return_types
    Feature record: CXX_FEATURE:0cxx_default_function_template_args
    Feature record: CXX_FEATURE:0cxx_defaulted_functions
    Feature record: CXX_FEATURE:0cxx_defaulted_move_initializers
    Feature record: CXX_FEATURE:0cxx_delegating_constructors
    Feature record: CXX_FEATURE:0cxx_deleted_functions
    Feature record: CXX_FEATURE:0cxx_digit_separators
    Feature record: CXX_FEATURE:0cxx_enum_forward_declarations
    Feature record: CXX_FEATURE:0cxx_explicit_conversions
    Feature record: CXX_FEATURE:0cxx_extended_friend_declarations
    Feature record: CXX_FEATURE:0cxx_extern_templates
    Feature record: CXX_FEATURE:0cxx_final
    Feature record: CXX_FEATURE:0cxx_func_identifier
    Feature record: CXX_FEATURE:0cxx_generalized_initializers
    Feature record: CXX_FEATURE:0cxx_generic_lambdas
    Feature record: CXX_FEATURE:0cxx_inheriting_constructors
    Feature record: CXX_FEATURE:0cxx_inline_namespaces
    Feature record: CXX_FEATURE:0cxx_lambdas
    Feature record: CXX_FEATURE:0cxx_lambda_init_captures
    Feature record: CXX_FEATURE:0cxx_local_type_template_args
    Feature record: CXX_FEATURE:0cxx_long_long_type
    Feature record: CXX_FEATURE:0cxx_noexcept
    Feature record: CXX_FEATURE:0cxx_nonstatic_member_init
    Feature record: CXX_FEATURE:0cxx_nullptr
    Feature record: CXX_FEATURE:0cxx_override
    Feature record: CXX_FEATURE:0cxx_range_for
    Feature record: CXX_FEATURE:0cxx_raw_string_literals
    Feature record: CXX_FEATURE:0cxx_reference_qualified_functions
    Feature record: CXX_FEATURE:0cxx_relaxed_constexpr
    Feature record: CXX_FEATURE:0cxx_return_type_deduction
    Feature record: CXX_FEATURE:0cxx_right_angle_brackets
    Feature record: CXX_FEATURE:0cxx_rvalue_references
    Feature record: CXX_FEATURE:0cxx_sizeof_member
    Feature record: CXX_FEATURE:0cxx_static_assert
    Feature record: CXX_FEATURE:0cxx_strong_enums
    Feature record: CXX_FEATURE:1cxx_template_template_parameters
    Feature record: CXX_FEATURE:0cxx_thread_local
    Feature record: CXX_FEATURE:0cxx_trailing_return_types
    Feature record: CXX_FEATURE:0cxx_unicode_literals
    Feature record: CXX_FEATURE:0cxx_uniform_initialization
    Feature record: CXX_FEATURE:0cxx_unrestricted_unions
    Feature record: CXX_FEATURE:0cxx_user_literals
    Feature record: CXX_FEATURE:0cxx_variable_templates
    Feature record: CXX_FEATURE:0cxx_variadic_macros
    Feature record: CXX_FEATURE:0cxx_variadic_templates
Determining if the include file pthread.h exists passed with the following output:
Change Dir: /Users/chenyao/Documents/GitHub/cs348b-2018-YaoChen/build/CMakeFiles/CMakeTmp

Run Build Command:"/usr/bin/make" "cmTC_074c0/fast"
/Library/Developer/CommandLineTools/usr/bin/make -f CMakeFiles/cmTC_074c0.dir/build.make CMakeFiles/cmTC_074c0.dir/build
Building C object CMakeFiles/cmTC_074c0.dir/CheckIncludeFile.c.o
/Library/Developer/CommandLineTools/usr/bin/cc    -o CMakeFiles/cmTC_074c0.dir/CheckIncludeFile.c.o   -c /Users/chenyao/Documents/GitHub/cs348b-2018-YaoChen/build/CMakeFiles/CMakeTmp/CheckIncludeFile.c
Linking C executable cmTC_074c0
/Library/Python/2.7/site-packages/cmake/data/CMake.app/Contents/bin/cmake -E cmake_link_script CMakeFiles/cmTC_074c0.dir/link.txt --verbose=1
/Library/Developer/CommandLineTools/usr/bin/cc   -Wl,-search_paths_first -Wl,-headerpad_max_install_names   CMakeFiles/cmTC_074c0.dir/CheckIncludeFile.c.o  -o cmTC_074c0 


Determining if the pthread_create exist passed with the following output:
Change Dir: /Users/chenyao/Documents/GitHub/cs348b-2018-YaoChen/build/CMakeFiles/CMakeTmp

Run Build Command:"/usr/bin/make" "cmTC_117af/fast"
/Library/Developer/CommandLineTools/usr/bin/make -f CMakeFiles/cmTC_117af.dir/build.make CMakeFiles/cmTC_117af.dir/build
Building C object CMakeFiles/cmTC_117af.dir/CheckSymbolExists.c.o
/Library/Developer/CommandLineTools/usr/bin/cc    -o CMakeFiles/cmTC_117af.dir/CheckSymbolExists.c.o   -c /Users/chenyao/Documents/GitHub/cs348b-2018-YaoChen/build/CMakeFiles/CMakeTmp/CheckSymbolExists.c
Linking C executable cmTC_117af
/Library/Python/2.7/site-packages/cmake/data/CMake.app/Contents/bin/cmake -E cmake_link_script CMakeFiles/cmTC_117af.dir/link.txt --verbose=1
/Library/Developer/CommandLineTools/usr/bin/cc   -Wl,-search_paths_first -Wl,-headerpad_max_install_names   CMakeFiles/cmTC_117af.dir/CheckSymbolExists.c.o  -o cmTC_117af 

File /Users/chenyao/Documents/GitHub/cs348b-2018-YaoChen/build/CMakeFiles/CMakeTmp/CheckSymbolExists.c:
/* */
#include <pthread.h>

int main(int argc, char** argv)
{
  (void)argv;
#ifndef pthread_create
  return ((int*)(&pthread_create))[argc];
#else
  (void)argc;
  return 0;
#endif
}

Determining if files alloca.h exist passed with the following output:
Change Dir: /Users/chenyao/Documents/GitHub/cs348b-2018-YaoChen/build/CMakeFiles/CMakeTmp

Run Build Command:"/usr/bin/make" "cmTC_92085/fast"
/Library/Developer/CommandLineTools/usr/bin/make -f CMakeFiles/cmTC_92085.dir/build.make CMakeFiles/cmTC_92085.dir/build
Building C object CMakeFiles/cmTC_92085.dir/CheckIncludeFiles.c.o
/Library/Developer/CommandLineTools/usr/bin/cc    -o CMakeFiles/cmTC_92085.dir/CheckIncludeFiles.c.o   -c /Users/chenyao/Documents/GitHub/cs348b-2018-YaoChen/build/CMakeFiles/CMakeTmp/CheckIncludeFiles.c
Linking C executable cmTC_92085
/Library/Python/2.7/site-packages/cmake/data/CMake.app/Contents/bin/cmake -E cmake_link_script CMakeFiles/cmTC_92085.dir/link.txt --verbose=1
/Library/Developer/CommandLineTools/usr/bin/cc   -Wl,-search_paths_first -Wl,-headerpad_max_install_names   CMakeFiles/cmTC_92085.dir/CheckIncludeFiles.c.o  -o cmTC_92085 


Determining if files memory.h exist passed with the following output:
Change Dir: /Users/chenyao/Documents/GitHub/cs348b-2018-YaoChen/build/CMakeFiles/CMakeTmp

Run Build Command:"/usr/bin/make" "cmTC_dc76c/fast"
/Library/Developer/CommandLineTools/usr/bin/make -f CMakeFiles/cmTC_dc76c.dir/build.make CMakeFiles/cmTC_dc76c.dir/build
Building C object CMakeFiles/cmTC_dc76c.dir/CheckIncludeFiles.c.o
/Library/Developer/CommandLineTools/usr/bin/cc    -o CMakeFiles/cmTC_dc76c.dir/CheckIncludeFiles.c.o   -c /Users/chenyao/Documents/GitHub/cs348b-2018-YaoChen/build/CMakeFiles/CMakeTmp/CheckIncludeFiles.c
Linking C executable cmTC_dc76c
/Library/Python/2.7/site-packages/cmake/data/CMake.app/Contents/bin/cmake -E cmake_link_script CMakeFiles/cmTC_dc76c.dir/link.txt --verbose=1
/Library/Developer/CommandLineTools/usr/bin/cc   -Wl,-search_paths_first -Wl,-headerpad_max_install_names   CMakeFiles/cmTC_dc76c.dir/CheckIncludeFiles.c.o  -o cmTC_dc76c 


Performing C++ SOURCE FILE Test HAVE_HEX_FP_CONSTANTS succeeded with the following output:
Change Dir: /Users/chenyao/Documents/GitHub/cs348b-2018-YaoChen/build/CMakeFiles/CMakeTmp

Run Build Command:"/usr/bin/make" "cmTC_ac8e8/fast"
/Library/Developer/CommandLineTools/usr/bin/make -f CMakeFiles/cmTC_ac8e8.dir/build.make CMakeFiles/cmTC_ac8e8.dir/build
Building CXX object CMakeFiles/cmTC_ac8e8.dir/src.cxx.o
/Library/Developer/CommandLineTools/usr/bin/c++    -std=c++11 -Wno-deprecated-register -DHAVE_HEX_FP_CONSTANTS   -o CMakeFiles/cmTC_ac8e8.dir/src.cxx.o -c /Users/chenyao/Documents/GitHub/cs348b-2018-YaoChen/build/CMakeFiles/CMakeTmp/src.cxx
Linking CXX executable cmTC_ac8e8
/Library/Python/2.7/site-packages/cmake/data/CMake.app/Contents/bin/cmake -E cmake_link_script CMakeFiles/cmTC_ac8e8.dir/link.txt --verbose=1
/Library/Developer/CommandLineTools/usr/bin/c++   -std=c++11 -Wno-deprecated-register -DHAVE_HEX_FP_CONSTANTS -Wl,-search_paths_first -Wl,-headerpad_max_install_names   CMakeFiles/cmTC_ac8e8.dir/src.cxx.o  -o cmTC_ac8e8 

Source file was:
int main() { float x = 0x1p-32f; }
Performing C++ SOURCE FILE Test HAVE_BINARY_CONSTANTS succeeded with the following output:
Change Dir: /Users/chenyao/Documents/GitHub/cs348b-2018-YaoChen/build/CMakeFiles/CMakeTmp

Run Build Command:"/usr/bin/make" "cmTC_f7641/fast"
/Library/Developer/CommandLineTools/usr/bin/make -f CMakeFiles/cmTC_f7641.dir/build.make CMakeFiles/cmTC_f7641.dir/build
Building CXX object CMakeFiles/cmTC_f7641.dir/src.cxx.o
/Library/Developer/CommandLineTools/usr/bin/c++    -std=c++11 -Wno-deprecated-register -DHAVE_BINARY_CONSTANTS   -o CMakeFiles/cmTC_f7641.dir/src.cxx.o -c /Users/chenyao/Documents/GitHub/cs348b-2018-YaoChen/build/CMakeFiles/CMakeTmp/src.cxx
Linking CXX executable cmTC_f7641
/Library/Python/2.7/site-packages/cmake/data/CMake.app/Contents/bin/cmake -E cmake_link_script CMakeFiles/cmTC_f7641.dir/link.txt --verbose=1
/Library/Developer/CommandLineTools/usr/bin/c++   -std=c++11 -Wno-deprecated-register -DHAVE_BINARY_CONSTANTS -Wl,-search_paths_first -Wl,-headerpad_max_install_names   CMakeFiles/cmTC_f7641.dir/src.cxx.o  -o cmTC_f7641 

Source file was:
int main() { int x = 0b101011; }
Performing C++ SOURCE FILE Test HAVE_CONSTEXPR succeeded with the following output:
Change Dir: /Users/chenyao/Documents/GitHub/cs348b-2018-YaoChen/build/CMakeFiles/CMakeTmp

Run Build Command:"/usr/bin/make" "cmTC_49fdf/fast"
/Library/Developer/CommandLineTools/usr/bin/make -f CMakeFiles/cmTC_49fdf.dir/build.make CMakeFiles/cmTC_49fdf.dir/build
Building CXX object CMakeFiles/cmTC_49fdf.dir/src.cxx.o
/Library/Developer/CommandLineTools/usr/bin/c++    -std=c++11 -Wno-deprecated-register -DHAVE_CONSTEXPR   -o CMakeFiles/cmTC_49fdf.dir/src.cxx.o -c /Users/chenyao/Documents/GitHub/cs348b-2018-YaoChen/build/CMakeFiles/CMakeTmp/src.cxx
Linking CXX executable cmTC_49fdf
/Library/Python/2.7/site-packages/cmake/data/CMake.app/Contents/bin/cmake -E cmake_link_script CMakeFiles/cmTC_49fdf.dir/link.txt --verbose=1
/Library/Developer/CommandLineTools/usr/bin/c++   -std=c++11 -Wno-deprecated-register -DHAVE_CONSTEXPR -Wl,-search_paths_first -Wl,-headerpad_max_install_names   CMakeFiles/cmTC_49fdf.dir/src.cxx.o  -o cmTC_49fdf 

Source file was:
int main() { constexpr int x = 0; }
Performing C++ SOURCE FILE Test HAVE_ALIGNAS succeeded with the following output:
Change Dir: /Users/chenyao/Documents/GitHub/cs348b-2018-YaoChen/build/CMakeFiles/CMakeTmp

Run Build Command:"/usr/bin/make" "cmTC_e78e9/fast"
/Library/Developer/CommandLineTools/usr/bin/make -f CMakeFiles/cmTC_e78e9.dir/build.make CMakeFiles/cmTC_e78e9.dir/build
Building CXX object CMakeFiles/cmTC_e78e9.dir/src.cxx.o
/Library/Developer/CommandLineTools/usr/bin/c++    -std=c++11 -Wno-deprecated-register -DHAVE_ALIGNAS   -o CMakeFiles/cmTC_e78e9.dir/src.cxx.o -c /Users/chenyao/Documents/GitHub/cs348b-2018-YaoChen/build/CMakeFiles/CMakeTmp/src.cxx
Linking CXX executable cmTC_e78e9
/Library/Python/2.7/site-packages/cmake/data/CMake.app/Contents/bin/cmake -E cmake_link_script CMakeFiles/cmTC_e78e9.dir/link.txt --verbose=1
/Library/Developer/CommandLineTools/usr/bin/c++   -std=c++11 -Wno-deprecated-register -DHAVE_ALIGNAS -Wl,-search_paths_first -Wl,-headerpad_max_install_names   CMakeFiles/cmTC_e78e9.dir/src.cxx.o  -o cmTC_e78e9 

Source file was:
struct alignas(32) Foo { char x; }; int main() { }
Performing C++ SOURCE FILE Test HAVE_ALIGNOF succeeded with the following output:
Change Dir: /Users/chenyao/Documents/GitHub/cs348b-2018-YaoChen/build/CMakeFiles/CMakeTmp

Run Build Command:"/usr/bin/make" "cmTC_22a16/fast"
/Library/Developer/CommandLineTools/usr/bin/make -f CMakeFiles/cmTC_22a16.dir/build.make CMakeFiles/cmTC_22a16.dir/build
Building CXX object CMakeFiles/cmTC_22a16.dir/src.cxx.o
/Library/Developer/CommandLineTools/usr/bin/c++    -std=c++11 -Wno-deprecated-register -DHAVE_ALIGNOF   -o CMakeFiles/cmTC_22a16.dir/src.cxx.o -c /Users/chenyao/Documents/GitHub/cs348b-2018-YaoChen/build/CMakeFiles/CMakeTmp/src.cxx
Linking CXX executable cmTC_22a16
/Library/Python/2.7/site-packages/cmake/data/CMake.app/Contents/bin/cmake -E cmake_link_script CMakeFiles/cmTC_22a16.dir/link.txt --verbose=1
/Library/Developer/CommandLineTools/usr/bin/c++   -std=c++11 -Wno-deprecated-register -DHAVE_ALIGNOF -Wl,-search_paths_first -Wl,-headerpad_max_install_names   CMakeFiles/cmTC_22a16.dir/src.cxx.o  -o cmTC_22a16 

Source file was:
int main() { int x = alignof(double); }
Performing C++ SOURCE FILE Test HAVE_ITIMER succeeded with the following output:
Change Dir: /Users/chenyao/Documents/GitHub/cs348b-2018-YaoChen/build/CMakeFiles/CMakeTmp

Run Build Command:"/usr/bin/make" "cmTC_8b883/fast"
/Library/Developer/CommandLineTools/usr/bin/make -f CMakeFiles/cmTC_8b883.dir/build.make CMakeFiles/cmTC_8b883.dir/build
Building CXX object CMakeFiles/cmTC_8b883.dir/src.cxx.o
/Library/Developer/CommandLineTools/usr/bin/c++    -std=c++11 -Wno-deprecated-register -DHAVE_ITIMER   -o CMakeFiles/cmTC_8b883.dir/src.cxx.o -c /Users/chenyao/Documents/GitHub/cs348b-2018-YaoChen/build/CMakeFiles/CMakeTmp/src.cxx
Linking CXX executable cmTC_8b883
/Library/Python/2.7/site-packages/cmake/data/CMake.app/Contents/bin/cmake -E cmake_link_script CMakeFiles/cmTC_8b883.dir/link.txt --verbose=1
/Library/Developer/CommandLineTools/usr/bin/c++   -std=c++11 -Wno-deprecated-register -DHAVE_ITIMER -Wl,-search_paths_first -Wl,-headerpad_max_install_names   CMakeFiles/cmTC_8b883.dir/src.cxx.o  -o cmTC_8b883 

Return value: 1
Source file was:

#include <signal.h>
#include <string.h>
#include <sys/time.h>
void ReportProfileSample(int, siginfo_t *, void *) { }
int main() {
    struct sigaction sa;
    memset(&sa, 0, sizeof(sa));
    sa.sa_sigaction = ReportProfileSample;
    sa.sa_flags = SA_RESTART | SA_SIGINFO;
    sigemptyset(&sa.sa_mask);
    sigaction(SIGPROF, &sa, NULL);
    static struct itimerval timer;
    return setitimer(ITIMER_PROF, &timer, NULL) == 0 ? 0 : 1;
}

Performing C++ SOURCE FILE Test HAVE_NONPOD_IN_UNIONS succeeded with the following output:
Change Dir: /Users/chenyao/Documents/GitHub/cs348b-2018-YaoChen/build/CMakeFiles/CMakeTmp

Run Build Command:"/usr/bin/make" "cmTC_0febb/fast"
/Library/Developer/CommandLineTools/usr/bin/make -f CMakeFiles/cmTC_0febb.dir/build.make CMakeFiles/cmTC_0febb.dir/build
Building CXX object CMakeFiles/cmTC_0febb.dir/src.cxx.o
/Library/Developer/CommandLineTools/usr/bin/c++    -std=c++11 -Wno-deprecated-register -DHAVE_NONPOD_IN_UNIONS   -o CMakeFiles/cmTC_0febb.dir/src.cxx.o -c /Users/chenyao/Documents/GitHub/cs348b-2018-YaoChen/build/CMakeFiles/CMakeTmp/src.cxx
Linking CXX executable cmTC_0febb
/Library/Python/2.7/site-packages/cmake/data/CMake.app/Contents/bin/cmake -E cmake_link_script CMakeFiles/cmTC_0febb.dir/link.txt --verbose=1
/Library/Developer/CommandLineTools/usr/bin/c++   -std=c++11 -Wno-deprecated-register -DHAVE_NONPOD_IN_UNIONS -Wl,-search_paths_first -Wl,-headerpad_max_install_names   CMakeFiles/cmTC_0febb.dir/src.cxx.o  -o cmTC_0febb 

Source file was:

class Bar { public: Bar() { x = 0; } float x; };
struct Foo { union { int x[10]; Bar b; }; Foo() : b() { } };
int main() { Foo f; }

Performing C++ SOURCE FILE Test HAVE_MMAP succeeded with the following output:
Change Dir: /Users/chenyao/Documents/GitHub/cs348b-2018-YaoChen/build/CMakeFiles/CMakeTmp

Run Build Command:"/usr/bin/make" "cmTC_f46a3/fast"
/Library/Developer/CommandLineTools/usr/bin/make -f CMakeFiles/cmTC_f46a3.dir/build.make CMakeFiles/cmTC_f46a3.dir/build
Building CXX object CMakeFiles/cmTC_f46a3.dir/src.cxx.o
/Library/Developer/CommandLineTools/usr/bin/c++    -std=c++11 -Wno-deprecated-register -DHAVE_MMAP   -o CMakeFiles/cmTC_f46a3.dir/src.cxx.o -c /Users/chenyao/Documents/GitHub/cs348b-2018-YaoChen/build/CMakeFiles/CMakeTmp/src.cxx
Linking CXX executable cmTC_f46a3
/Library/Python/2.7/site-packages/cmake/data/CMake.app/Contents/bin/cmake -E cmake_link_script CMakeFiles/cmTC_f46a3.dir/link.txt --verbose=1
/Library/Developer/CommandLineTools/usr/bin/c++   -std=c++11 -Wno-deprecated-register -DHAVE_MMAP -Wl,-search_paths_first -Wl,-headerpad_max_install_names   CMakeFiles/cmTC_f46a3.dir/src.cxx.o  -o cmTC_f46a3 

Source file was:

#include <fcntl.h>
#include <sys/mman.h>
#include <sys/stat.h>
#include <sys/types.h>
int main() {
   int fd = open("foo", O_RDONLY);
   struct stat s;
   fstat(fd, &s);
   size_t len = s.st_size;
   void *ptr = mmap(0, len, PROT_READ, MAP_FILE | MAP_SHARED, fd, 0);
   munmap(ptr, len);   
}

Performing C++ SOURCE FILE Test HAVE_ATTRIBUTE_NOINLINE succeeded with the following output:
Change Dir: /Users/chenyao/Documents/GitHub/cs348b-2018-YaoChen/build/CMakeFiles/CMakeTmp

Run Build Command:"/usr/bin/make" "cmTC_f5474/fast"
/Library/Developer/CommandLineTools/usr/bin/make -f CMakeFiles/cmTC_f5474.dir/build.make CMakeFiles/cmTC_f5474.dir/build
Building CXX object CMakeFiles/cmTC_f5474.dir/src.cxx.o
/Library/Developer/CommandLineTools/usr/bin/c++    -std=c++11 -Wno-deprecated-register -DHAVE_ATTRIBUTE_NOINLINE   -o CMakeFiles/cmTC_f5474.dir/src.cxx.o -c /Users/chenyao/Documents/GitHub/cs348b-2018-YaoChen/build/CMakeFiles/CMakeTmp/src.cxx
Linking CXX executable cmTC_f5474
/Library/Python/2.7/site-packages/cmake/data/CMake.app/Contents/bin/cmake -E cmake_link_script CMakeFiles/cmTC_f5474.dir/link.txt --verbose=1
/Library/Developer/CommandLineTools/usr/bin/c++   -std=c++11 -Wno-deprecated-register -DHAVE_ATTRIBUTE_NOINLINE -Wl,-search_paths_first -Wl,-headerpad_max_install_names   CMakeFiles/cmTC_f5474.dir/src.cxx.o  -o cmTC_f5474 

Source file was:
__attribute__((noinline)) void foo() { }
int main() { }
Performing C++ SOURCE FILE Test HAVE_POSIX_MEMALIGN succeeded with the following output:
Change Dir: /Users/chenyao/Documents/GitHub/cs348b-2018-YaoChen/build/CMakeFiles/CMakeTmp

Run Build Command:"/usr/bin/make" "cmTC_6693b/fast"
/Library/Developer/CommandLineTools/usr/bin/make -f CMakeFiles/cmTC_6693b.dir/build.make CMakeFiles/cmTC_6693b.dir/build
Building CXX object CMakeFiles/cmTC_6693b.dir/src.cxx.o
/Library/Developer/CommandLineTools/usr/bin/c++    -std=c++11 -Wno-deprecated-register -DHAVE_POSIX_MEMALIGN   -o CMakeFiles/cmTC_6693b.dir/src.cxx.o -c /Users/chenyao/Documents/GitHub/cs348b-2018-YaoChen/build/CMakeFiles/CMakeTmp/src.cxx
Linking CXX executable cmTC_6693b
/Library/Python/2.7/site-packages/cmake/data/CMake.app/Contents/bin/cmake -E cmake_link_script CMakeFiles/cmTC_6693b.dir/link.txt --verbose=1
/Library/Developer/CommandLineTools/usr/bin/c++   -std=c++11 -Wno-deprecated-register -DHAVE_POSIX_MEMALIGN -Wl,-search_paths_first -Wl,-headerpad_max_install_names   CMakeFiles/cmTC_6693b.dir/src.cxx.o  -o cmTC_6693b 

Source file was:

#include <stdlib.h>
int main() {
  void *ptr;
  posix_memalign(&ptr, 32, 1024);
} 
Performing C++ SOURCE FILE Test HAVE_THREAD_LOCAL succeeded with the following output:
Change Dir: /Users/chenyao/Documents/GitHub/cs348b-2018-YaoChen/build/CMakeFiles/CMakeTmp

Run Build Command:"/usr/bin/make" "cmTC_c18c4/fast"
/Library/Developer/CommandLineTools/usr/bin/make -f CMakeFiles/cmTC_c18c4.dir/build.make CMakeFiles/cmTC_c18c4.dir/build
Building CXX object CMakeFiles/cmTC_c18c4.dir/src.cxx.o
/Library/Developer/CommandLineTools/usr/bin/c++    -std=c++11 -Wno-deprecated-register -DHAVE_THREAD_LOCAL   -o CMakeFiles/cmTC_c18c4.dir/src.cxx.o -c /Users/chenyao/Documents/GitHub/cs348b-2018-YaoChen/build/CMakeFiles/CMakeTmp/src.cxx
Linking CXX executable cmTC_c18c4
/Library/Python/2.7/site-packages/cmake/data/CMake.app/Contents/bin/cmake -E cmake_link_script CMakeFiles/cmTC_c18c4.dir/link.txt --verbose=1
/Library/Developer/CommandLineTools/usr/bin/c++   -std=c++11 -Wno-deprecated-register -DHAVE_THREAD_LOCAL -Wl,-search_paths_first -Wl,-headerpad_max_install_names   CMakeFiles/cmTC_c18c4.dir/src.cxx.o  -o cmTC_c18c4 

Source file was:

#ifdef __CYGWIN__
// Hack to work around https://gcc.gnu.org/bugzilla/show_bug.cgi?id=64697
#error "No thread_local on cygwin"
#endif  // __CYGWIN__
thread_local int x; int main() { }

Performing C++ SOURCE FILE Test HAVE___THREAD succeeded with the following output:
Change Dir: /Users/chenyao/Documents/GitHub/cs348b-2018-YaoChen/build/CMakeFiles/CMakeTmp

Run Build Command:"/usr/bin/make" "cmTC_a03c1/fast"
/Library/Developer/CommandLineTools/usr/bin/make -f CMakeFiles/cmTC_a03c1.dir/build.make CMakeFiles/cmTC_a03c1.dir/build
Building CXX object CMakeFiles/cmTC_a03c1.dir/src.cxx.o
/Library/Developer/CommandLineTools/usr/bin/c++    -std=c++11 -Wno-deprecated-register -DHAVE___THREAD   -o CMakeFiles/cmTC_a03c1.dir/src.cxx.o -c /Users/chenyao/Documents/GitHub/cs348b-2018-YaoChen/build/CMakeFiles/CMakeTmp/src.cxx
Linking CXX executable cmTC_a03c1
/Library/Python/2.7/site-packages/cmake/data/CMake.app/Contents/bin/cmake -E cmake_link_script CMakeFiles/cmTC_a03c1.dir/link.txt --verbose=1
/Library/Developer/CommandLineTools/usr/bin/c++   -std=c++11 -Wno-deprecated-register -DHAVE___THREAD -Wl,-search_paths_first -Wl,-headerpad_max_install_names   CMakeFiles/cmTC_a03c1.dir/src.cxx.o  -o cmTC_a03c1 

Source file was:

__thread int x; int main() { }

Performing C++ SOURCE FILE Test HAVE_GCC_INLINE_ASM_AVX succeeded with the following output:
Change Dir: /Users/chenyao/Documents/GitHub/cs348b-2018-YaoChen/build/CMakeFiles/CMakeTmp

Run Build Command:"/usr/bin/make" "cmTC_1d508/fast"
/Library/Developer/CommandLineTools/usr/bin/make -f CMakeFiles/cmTC_1d508.dir/build.make CMakeFiles/cmTC_1d508.dir/build
Building CXX object CMakeFiles/cmTC_1d508.dir/src.cxx.o
/Library/Developer/CommandLineTools/usr/bin/c++    -std=c++11 -Wno-deprecated-register -Wno-switch -Wno-tautological-compare -Wno-deprecated-register -DHAVE_GCC_INLINE_ASM_AVX   -o CMakeFiles/cmTC_1d508.dir/src.cxx.o -c /Users/chenyao/Documents/GitHub/cs348b-2018-YaoChen/build/CMakeFiles/CMakeTmp/src.cxx
Linking CXX executable cmTC_1d508
/Library/Python/2.7/site-packages/cmake/data/CMake.app/Contents/bin/cmake -E cmake_link_script CMakeFiles/cmTC_1d508.dir/link.txt --verbose=1
/Library/Developer/CommandLineTools/usr/bin/c++   -std=c++11 -Wno-deprecated-register -Wno-switch -Wno-tautological-compare -Wno-deprecated-register -DHAVE_GCC_INLINE_ASM_AVX -Wl,-search_paths_first -Wl,-headerpad_max_install_names   CMakeFiles/cmTC_1d508.dir/src.cxx.o  -o cmTC_1d508 

Source file was:

	int main()
	{
	 #if defined(__GNUC__) && defined(__SSE2__) 
		 int n   = 0;
		 int eax = 0;
		 int edx = 0;
		 __asm__(
			 "xgetbv     ;"
			 "vzeroupper  "
			 : "=a"(eax), "=d"(edx) : "c"(n) : );
	 #else
		 #error No GCC style inline asm supported for AVX instructions
	 #endif
	}
	
Performing C++ SOURCE FILE Test HAVE_SYSCONF_NPROCESSORS_ONLN succeeded with the following output:
Change Dir: /Users/chenyao/Documents/GitHub/cs348b-2018-YaoChen/build/CMakeFiles/CMakeTmp

Run Build Command:"/usr/bin/make" "cmTC_046e2/fast"
/Library/Developer/CommandLineTools/usr/bin/make -f CMakeFiles/cmTC_046e2.dir/build.make CMakeFiles/cmTC_046e2.dir/build
Building CXX object CMakeFiles/cmTC_046e2.dir/src.cxx.o
/Library/Developer/CommandLineTools/usr/bin/c++    -std=c++11 -Wno-deprecated-register -Wno-switch -Wno-tautological-compare -Wno-deprecated-register -DHAVE_SYSCONF_NPROCESSORS_ONLN   -o CMakeFiles/cmTC_046e2.dir/src.cxx.o -c /Users/chenyao/Documents/GitHub/cs348b-2018-YaoChen/build/CMakeFiles/CMakeTmp/src.cxx
Linking CXX executable cmTC_046e2
/Library/Python/2.7/site-packages/cmake/data/CMake.app/Contents/bin/cmake -E cmake_link_script CMakeFiles/cmTC_046e2.dir/link.txt --verbose=1
/Library/Developer/CommandLineTools/usr/bin/c++   -std=c++11 -Wno-deprecated-register -Wno-switch -Wno-tautological-compare -Wno-deprecated-register -DHAVE_SYSCONF_NPROCESSORS_ONLN -Wl,-search_paths_first -Wl,-headerpad_max_install_names   CMakeFiles/cmTC_046e2.dir/src.cxx.o  -o cmTC_046e2 

Source file was:

    #include <unistd.h>
    int main()
    {
        sysconf(_SC_NPROCESSORS_ONLN);
    }
    
Determining if the include file dlfcn.h exists passed with the following output:
Change Dir: /Users/chenyao/Documents/GitHub/cs348b-2018-YaoChen/build/CMakeFiles/CMakeTmp

Run Build Command:"/usr/bin/make" "cmTC_4b493/fast"
/Library/Developer/CommandLineTools/usr/bin/make -f CMakeFiles/cmTC_4b493.dir/build.make CMakeFiles/cmTC_4b493.dir/build
Building C object CMakeFiles/cmTC_4b493.dir/CheckIncludeFile.c.o
/Library/Developer/CommandLineTools/usr/bin/cc    -o CMakeFiles/cmTC_4b493.dir/CheckIncludeFile.c.o   -c /Users/chenyao/Documents/GitHub/cs348b-2018-YaoChen/build/CMakeFiles/CMakeTmp/CheckIncludeFile.c
Linking C executable cmTC_4b493
/Library/Python/2.7/site-packages/cmake/data/CMake.app/Contents/bin/cmake -E cmake_link_script CMakeFiles/cmTC_4b493.dir/link.txt --verbose=1
/Library/Developer/CommandLineTools/usr/bin/cc   -Wl,-search_paths_first -Wl,-headerpad_max_install_names   CMakeFiles/cmTC_4b493.dir/CheckIncludeFile.c.o  -o cmTC_4b493 


Determining if the include file execinfo.h exists passed with the following output:
Change Dir: /Users/chenyao/Documents/GitHub/cs348b-2018-YaoChen/build/CMakeFiles/CMakeTmp

Run Build Command:"/usr/bin/make" "cmTC_d0986/fast"
/Library/Developer/CommandLineTools/usr/bin/make -f CMakeFiles/cmTC_d0986.dir/build.make CMakeFiles/cmTC_d0986.dir/build
Building C object CMakeFiles/cmTC_d0986.dir/CheckIncludeFile.c.o
/Library/Developer/CommandLineTools/usr/bin/cc    -o CMakeFiles/cmTC_d0986.dir/CheckIncludeFile.c.o   -c /Users/chenyao/Documents/GitHub/cs348b-2018-YaoChen/build/CMakeFiles/CMakeTmp/CheckIncludeFile.c
Linking C executable cmTC_d0986
/Library/Python/2.7/site-packages/cmake/data/CMake.app/Contents/bin/cmake -E cmake_link_script CMakeFiles/cmTC_d0986.dir/link.txt --verbose=1
/Library/Developer/CommandLineTools/usr/bin/cc   -Wl,-search_paths_first -Wl,-headerpad_max_install_names   CMakeFiles/cmTC_d0986.dir/CheckIncludeFile.c.o  -o cmTC_d0986 


Determining if the include file glob.h exists passed with the following output:
Change Dir: /Users/chenyao/Documents/GitHub/cs348b-2018-YaoChen/build/CMakeFiles/CMakeTmp

Run Build Command:"/usr/bin/make" "cmTC_621ab/fast"
/Library/Developer/CommandLineTools/usr/bin/make -f CMakeFiles/cmTC_621ab.dir/build.make CMakeFiles/cmTC_621ab.dir/build
Building C object CMakeFiles/cmTC_621ab.dir/CheckIncludeFile.c.o
/Library/Developer/CommandLineTools/usr/bin/cc    -o CMakeFiles/cmTC_621ab.dir/CheckIncludeFile.c.o   -c /Users/chenyao/Documents/GitHub/cs348b-2018-YaoChen/build/CMakeFiles/CMakeTmp/CheckIncludeFile.c
Linking C executable cmTC_621ab
/Library/Python/2.7/site-packages/cmake/data/CMake.app/Contents/bin/cmake -E cmake_link_script CMakeFiles/cmTC_621ab.dir/link.txt --verbose=1
/Library/Developer/CommandLineTools/usr/bin/cc   -Wl,-search_paths_first -Wl,-headerpad_max_install_names   CMakeFiles/cmTC_621ab.dir/CheckIncludeFile.c.o  -o cmTC_621ab 


Determining if the include file inttypes.h exists passed with the following output:
Change Dir: /Users/chenyao/Documents/GitHub/cs348b-2018-YaoChen/build/CMakeFiles/CMakeTmp

Run Build Command:"/usr/bin/make" "cmTC_c742f/fast"
/Library/Developer/CommandLineTools/usr/bin/make -f CMakeFiles/cmTC_c742f.dir/build.make CMakeFiles/cmTC_c742f.dir/build
Building C object CMakeFiles/cmTC_c742f.dir/CheckIncludeFile.c.o
/Library/Developer/CommandLineTools/usr/bin/cc    -o CMakeFiles/cmTC_c742f.dir/CheckIncludeFile.c.o   -c /Users/chenyao/Documents/GitHub/cs348b-2018-YaoChen/build/CMakeFiles/CMakeTmp/CheckIncludeFile.c
Linking C executable cmTC_c742f
/Library/Python/2.7/site-packages/cmake/data/CMake.app/Contents/bin/cmake -E cmake_link_script CMakeFiles/cmTC_c742f.dir/link.txt --verbose=1
/Library/Developer/CommandLineTools/usr/bin/cc   -Wl,-search_paths_first -Wl,-headerpad_max_install_names   CMakeFiles/cmTC_c742f.dir/CheckIncludeFile.c.o  -o cmTC_c742f 


Determining if the include file libunwind.h exists passed with the following output:
Change Dir: /Users/chenyao/Documents/GitHub/cs348b-2018-YaoChen/build/CMakeFiles/CMakeTmp

Run Build Command:"/usr/bin/make" "cmTC_c6888/fast"
/Library/Developer/CommandLineTools/usr/bin/make -f CMakeFiles/cmTC_c6888.dir/build.make CMakeFiles/cmTC_c6888.dir/build
Building C object CMakeFiles/cmTC_c6888.dir/CheckIncludeFile.c.o
/Library/Developer/CommandLineTools/usr/bin/cc    -o CMakeFiles/cmTC_c6888.dir/CheckIncludeFile.c.o   -c /Users/chenyao/Documents/GitHub/cs348b-2018-YaoChen/build/CMakeFiles/CMakeTmp/CheckIncludeFile.c
Linking C executable cmTC_c6888
/Library/Python/2.7/site-packages/cmake/data/CMake.app/Contents/bin/cmake -E cmake_link_script CMakeFiles/cmTC_c6888.dir/link.txt --verbose=1
/Library/Developer/CommandLineTools/usr/bin/cc   -Wl,-search_paths_first -Wl,-headerpad_max_install_names   CMakeFiles/cmTC_c6888.dir/CheckIncludeFile.c.o  -o cmTC_c6888 


Determining if the include file pwd.h exists passed with the following output:
Change Dir: /Users/chenyao/Documents/GitHub/cs348b-2018-YaoChen/build/CMakeFiles/CMakeTmp

Run Build Command:"/usr/bin/make" "cmTC_c5bdf/fast"
/Library/Developer/CommandLineTools/usr/bin/make -f CMakeFiles/cmTC_c5bdf.dir/build.make CMakeFiles/cmTC_c5bdf.dir/build
Building C object CMakeFiles/cmTC_c5bdf.dir/CheckIncludeFile.c.o
/Library/Developer/CommandLineTools/usr/bin/cc    -o CMakeFiles/cmTC_c5bdf.dir/CheckIncludeFile.c.o   -c /Users/chenyao/Documents/GitHub/cs348b-2018-YaoChen/build/CMakeFiles/CMakeTmp/CheckIncludeFile.c
Linking C executable cmTC_c5bdf
/Library/Python/2.7/site-packages/cmake/data/CMake.app/Contents/bin/cmake -E cmake_link_script CMakeFiles/cmTC_c5bdf.dir/link.txt --verbose=1
/Library/Developer/CommandLineTools/usr/bin/cc   -Wl,-search_paths_first -Wl,-headerpad_max_install_names   CMakeFiles/cmTC_c5bdf.dir/CheckIncludeFile.c.o  -o cmTC_c5bdf 


Determining if the include file stdint.h exists passed with the following output:
Change Dir: /Users/chenyao/Documents/GitHub/cs348b-2018-YaoChen/build/CMakeFiles/CMakeTmp

Run Build Command:"/usr/bin/make" "cmTC_0ab0b/fast"
/Library/Developer/CommandLineTools/usr/bin/make -f CMakeFiles/cmTC_0ab0b.dir/build.make CMakeFiles/cmTC_0ab0b.dir/build
Building C object CMakeFiles/cmTC_0ab0b.dir/CheckIncludeFile.c.o
/Library/Developer/CommandLineTools/usr/bin/cc    -o CMakeFiles/cmTC_0ab0b.dir/CheckIncludeFile.c.o   -c /Users/chenyao/Documents/GitHub/cs348b-2018-YaoChen/build/CMakeFiles/CMakeTmp/CheckIncludeFile.c
Linking C executable cmTC_0ab0b
/Library/Python/2.7/site-packages/cmake/data/CMake.app/Contents/bin/cmake -E cmake_link_script CMakeFiles/cmTC_0ab0b.dir/link.txt --verbose=1
/Library/Developer/CommandLineTools/usr/bin/cc   -Wl,-search_paths_first -Wl,-headerpad_max_install_names   CMakeFiles/cmTC_0ab0b.dir/CheckIncludeFile.c.o  -o cmTC_0ab0b 


Determining if the include file stdlib.h exists passed with the following output:
Change Dir: /Users/chenyao/Documents/GitHub/cs348b-2018-YaoChen/build/CMakeFiles/CMakeTmp

Run Build Command:"/usr/bin/make" "cmTC_8e41d/fast"
/Library/Developer/CommandLineTools/usr/bin/make -f CMakeFiles/cmTC_8e41d.dir/build.make CMakeFiles/cmTC_8e41d.dir/build
Building C object CMakeFiles/cmTC_8e41d.dir/CheckIncludeFile.c.o
/Library/Developer/CommandLineTools/usr/bin/cc    -o CMakeFiles/cmTC_8e41d.dir/CheckIncludeFile.c.o   -c /Users/chenyao/Documents/GitHub/cs348b-2018-YaoChen/build/CMakeFiles/CMakeTmp/CheckIncludeFile.c
Linking C executable cmTC_8e41d
/Library/Python/2.7/site-packages/cmake/data/CMake.app/Contents/bin/cmake -E cmake_link_script CMakeFiles/cmTC_8e41d.dir/link.txt --verbose=1
/Library/Developer/CommandLineTools/usr/bin/cc   -Wl,-search_paths_first -Wl,-headerpad_max_install_names   CMakeFiles/cmTC_8e41d.dir/CheckIncludeFile.c.o  -o cmTC_8e41d 


Determining if the include file string.h exists passed with the following output:
Change Dir: /Users/chenyao/Documents/GitHub/cs348b-2018-YaoChen/build/CMakeFiles/CMakeTmp

Run Build Command:"/usr/bin/make" "cmTC_de64b/fast"
/Library/Developer/CommandLineTools/usr/bin/make -f CMakeFiles/cmTC_de64b.dir/build.make CMakeFiles/cmTC_de64b.dir/build
Building C object CMakeFiles/cmTC_de64b.dir/CheckIncludeFile.c.o
/Library/Developer/CommandLineTools/usr/bin/cc    -o CMakeFiles/cmTC_de64b.dir/CheckIncludeFile.c.o   -c /Users/chenyao/Documents/GitHub/cs348b-2018-YaoChen/build/CMakeFiles/CMakeTmp/CheckIncludeFile.c
Linking C executable cmTC_de64b
/Library/Python/2.7/site-packages/cmake/data/CMake.app/Contents/bin/cmake -E cmake_link_script CMakeFiles/cmTC_de64b.dir/link.txt --verbose=1
/Library/Developer/CommandLineTools/usr/bin/cc   -Wl,-search_paths_first -Wl,-headerpad_max_install_names   CMakeFiles/cmTC_de64b.dir/CheckIncludeFile.c.o  -o cmTC_de64b 


Determining if the include file strings.h exists passed with the following output:
Change Dir: /Users/chenyao/Documents/GitHub/cs348b-2018-YaoChen/build/CMakeFiles/CMakeTmp

Run Build Command:"/usr/bin/make" "cmTC_7f3c9/fast"
/Library/Developer/CommandLineTools/usr/bin/make -f CMakeFiles/cmTC_7f3c9.dir/build.make CMakeFiles/cmTC_7f3c9.dir/build
Building C object CMakeFiles/cmTC_7f3c9.dir/CheckIncludeFile.c.o
/Library/Developer/CommandLineTools/usr/bin/cc    -o CMakeFiles/cmTC_7f3c9.dir/CheckIncludeFile.c.o   -c /Users/chenyao/Documents/GitHub/cs348b-2018-YaoChen/build/CMakeFiles/CMakeTmp/CheckIncludeFile.c
Linking C executable cmTC_7f3c9
/Library/Python/2.7/site-packages/cmake/data/CMake.app/Contents/bin/cmake -E cmake_link_script CMakeFiles/cmTC_7f3c9.dir/link.txt --verbose=1
/Library/Developer/CommandLineTools/usr/bin/cc   -Wl,-search_paths_first -Wl,-headerpad_max_install_names   CMakeFiles/cmTC_7f3c9.dir/CheckIncludeFile.c.o  -o cmTC_7f3c9 


Determining if the include file sys/stat.h exists passed with the following output:
Change Dir: /Users/chenyao/Documents/GitHub/cs348b-2018-YaoChen/build/CMakeFiles/CMakeTmp

Run Build Command:"/usr/bin/make" "cmTC_cf88a/fast"
/Library/Developer/CommandLineTools/usr/bin/make -f CMakeFiles/cmTC_cf88a.dir/build.make CMakeFiles/cmTC_cf88a.dir/build
Building C object CMakeFiles/cmTC_cf88a.dir/CheckIncludeFile.c.o
/Library/Developer/CommandLineTools/usr/bin/cc    -o CMakeFiles/cmTC_cf88a.dir/CheckIncludeFile.c.o   -c /Users/chenyao/Documents/GitHub/cs348b-2018-YaoChen/build/CMakeFiles/CMakeTmp/CheckIncludeFile.c
Linking C executable cmTC_cf88a
/Library/Python/2.7/site-packages/cmake/data/CMake.app/Contents/bin/cmake -E cmake_link_script CMakeFiles/cmTC_cf88a.dir/link.txt --verbose=1
/Library/Developer/CommandLineTools/usr/bin/cc   -Wl,-search_paths_first -Wl,-headerpad_max_install_names   CMakeFiles/cmTC_cf88a.dir/CheckIncludeFile.c.o  -o cmTC_cf88a 


Determining if the include file sys/syscall.h exists passed with the following output:
Change Dir: /Users/chenyao/Documents/GitHub/cs348b-2018-YaoChen/build/CMakeFiles/CMakeTmp

Run Build Command:"/usr/bin/make" "cmTC_0715e/fast"
/Library/Developer/CommandLineTools/usr/bin/make -f CMakeFiles/cmTC_0715e.dir/build.make CMakeFiles/cmTC_0715e.dir/build
Building C object CMakeFiles/cmTC_0715e.dir/CheckIncludeFile.c.o
/Library/Developer/CommandLineTools/usr/bin/cc    -o CMakeFiles/cmTC_0715e.dir/CheckIncludeFile.c.o   -c /Users/chenyao/Documents/GitHub/cs348b-2018-YaoChen/build/CMakeFiles/CMakeTmp/CheckIncludeFile.c
Linking C executable cmTC_0715e
/Library/Python/2.7/site-packages/cmake/data/CMake.app/Contents/bin/cmake -E cmake_link_script CMakeFiles/cmTC_0715e.dir/link.txt --verbose=1
/Library/Developer/CommandLineTools/usr/bin/cc   -Wl,-search_paths_first -Wl,-headerpad_max_install_names   CMakeFiles/cmTC_0715e.dir/CheckIncludeFile.c.o  -o cmTC_0715e 


Determining if the include file sys/time.h exists passed with the following output:
Change Dir: /Users/chenyao/Documents/GitHub/cs348b-2018-YaoChen/build/CMakeFiles/CMakeTmp

Run Build Command:"/usr/bin/make" "cmTC_3984c/fast"
/Library/Developer/CommandLineTools/usr/bin/make -f CMakeFiles/cmTC_3984c.dir/build.make CMakeFiles/cmTC_3984c.dir/build
Building C object CMakeFiles/cmTC_3984c.dir/CheckIncludeFile.c.o
/Library/Developer/CommandLineTools/usr/bin/cc    -o CMakeFiles/cmTC_3984c.dir/CheckIncludeFile.c.o   -c /Users/chenyao/Documents/GitHub/cs348b-2018-YaoChen/build/CMakeFiles/CMakeTmp/CheckIncludeFile.c
Linking C executable cmTC_3984c
/Library/Python/2.7/site-packages/cmake/data/CMake.app/Contents/bin/cmake -E cmake_link_script CMakeFiles/cmTC_3984c.dir/link.txt --verbose=1
/Library/Developer/CommandLineTools/usr/bin/cc   -Wl,-search_paths_first -Wl,-headerpad_max_install_names   CMakeFiles/cmTC_3984c.dir/CheckIncludeFile.c.o  -o cmTC_3984c 


Determining if the include file sys/types.h exists passed with the following output:
Change Dir: /Users/chenyao/Documents/GitHub/cs348b-2018-YaoChen/build/CMakeFiles/CMakeTmp

Run Build Command:"/usr/bin/make" "cmTC_8b5fc/fast"
/Library/Developer/CommandLineTools/usr/bin/make -f CMakeFiles/cmTC_8b5fc.dir/build.make CMakeFiles/cmTC_8b5fc.dir/build
Building C object CMakeFiles/cmTC_8b5fc.dir/CheckIncludeFile.c.o
/Library/Developer/CommandLineTools/usr/bin/cc    -o CMakeFiles/cmTC_8b5fc.dir/CheckIncludeFile.c.o   -c /Users/chenyao/Documents/GitHub/cs348b-2018-YaoChen/build/CMakeFiles/CMakeTmp/CheckIncludeFile.c
Linking C executable cmTC_8b5fc
/Library/Python/2.7/site-packages/cmake/data/CMake.app/Contents/bin/cmake -E cmake_link_script CMakeFiles/cmTC_8b5fc.dir/link.txt --verbose=1
/Library/Developer/CommandLineTools/usr/bin/cc   -Wl,-search_paths_first -Wl,-headerpad_max_install_names   CMakeFiles/cmTC_8b5fc.dir/CheckIncludeFile.c.o  -o cmTC_8b5fc 


Determining if the include file sys/utsname.h exists passed with the following output:
Change Dir: /Users/chenyao/Documents/GitHub/cs348b-2018-YaoChen/build/CMakeFiles/CMakeTmp

Run Build Command:"/usr/bin/make" "cmTC_59707/fast"
/Library/Developer/CommandLineTools/usr/bin/make -f CMakeFiles/cmTC_59707.dir/build.make CMakeFiles/cmTC_59707.dir/build
Building C object CMakeFiles/cmTC_59707.dir/CheckIncludeFile.c.o
/Library/Developer/CommandLineTools/usr/bin/cc    -o CMakeFiles/cmTC_59707.dir/CheckIncludeFile.c.o   -c /Users/chenyao/Documents/GitHub/cs348b-2018-YaoChen/build/CMakeFiles/CMakeTmp/CheckIncludeFile.c
Linking C executable cmTC_59707
/Library/Python/2.7/site-packages/cmake/data/CMake.app/Contents/bin/cmake -E cmake_link_script CMakeFiles/cmTC_59707.dir/link.txt --verbose=1
/Library/Developer/CommandLineTools/usr/bin/cc   -Wl,-search_paths_first -Wl,-headerpad_max_install_names   CMakeFiles/cmTC_59707.dir/CheckIncludeFile.c.o  -o cmTC_59707 


Determining if the include file syslog.h exists passed with the following output:
Change Dir: /Users/chenyao/Documents/GitHub/cs348b-2018-YaoChen/build/CMakeFiles/CMakeTmp

Run Build Command:"/usr/bin/make" "cmTC_a3f8c/fast"
/Library/Developer/CommandLineTools/usr/bin/make -f CMakeFiles/cmTC_a3f8c.dir/build.make CMakeFiles/cmTC_a3f8c.dir/build
Building C object CMakeFiles/cmTC_a3f8c.dir/CheckIncludeFile.c.o
/Library/Developer/CommandLineTools/usr/bin/cc    -o CMakeFiles/cmTC_a3f8c.dir/CheckIncludeFile.c.o   -c /Users/chenyao/Documents/GitHub/cs348b-2018-YaoChen/build/CMakeFiles/CMakeTmp/CheckIncludeFile.c
Linking C executable cmTC_a3f8c
/Library/Python/2.7/site-packages/cmake/data/CMake.app/Contents/bin/cmake -E cmake_link_script CMakeFiles/cmTC_a3f8c.dir/link.txt --verbose=1
/Library/Developer/CommandLineTools/usr/bin/cc   -Wl,-search_paths_first -Wl,-headerpad_max_install_names   CMakeFiles/cmTC_a3f8c.dir/CheckIncludeFile.c.o  -o cmTC_a3f8c 


Determining if the include file unistd.h exists passed with the following output:
Change Dir: /Users/chenyao/Documents/GitHub/cs348b-2018-YaoChen/build/CMakeFiles/CMakeTmp

Run Build Command:"/usr/bin/make" "cmTC_2a6cd/fast"
/Library/Developer/CommandLineTools/usr/bin/make -f CMakeFiles/cmTC_2a6cd.dir/build.make CMakeFiles/cmTC_2a6cd.dir/build
Building C object CMakeFiles/cmTC_2a6cd.dir/CheckIncludeFile.c.o
/Library/Developer/CommandLineTools/usr/bin/cc    -o CMakeFiles/cmTC_2a6cd.dir/CheckIncludeFile.c.o   -c /Users/chenyao/Documents/GitHub/cs348b-2018-YaoChen/build/CMakeFiles/CMakeTmp/CheckIncludeFile.c
Linking C executable cmTC_2a6cd
/Library/Python/2.7/site-packages/cmake/data/CMake.app/Contents/bin/cmake -E cmake_link_script CMakeFiles/cmTC_2a6cd.dir/link.txt --verbose=1
/Library/Developer/CommandLineTools/usr/bin/cc   -Wl,-search_paths_first -Wl,-headerpad_max_install_names   CMakeFiles/cmTC_2a6cd.dir/CheckIncludeFile.c.o  -o cmTC_2a6cd 


Determining if the include file unwind.h exists passed with the following output:
Change Dir: /Users/chenyao/Documents/GitHub/cs348b-2018-YaoChen/build/CMakeFiles/CMakeTmp

Run Build Command:"/usr/bin/make" "cmTC_6c5db/fast"
/Library/Developer/CommandLineTools/usr/bin/make -f CMakeFiles/cmTC_6c5db.dir/build.make CMakeFiles/cmTC_6c5db.dir/build
Building C object CMakeFiles/cmTC_6c5db.dir/CheckIncludeFile.c.o
/Library/Developer/CommandLineTools/usr/bin/cc    -o CMakeFiles/cmTC_6c5db.dir/CheckIncludeFile.c.o   -c /Users/chenyao/Documents/GitHub/cs348b-2018-YaoChen/build/CMakeFiles/CMakeTmp/CheckIncludeFile.c
Linking C executable cmTC_6c5db
/Library/Python/2.7/site-packages/cmake/data/CMake.app/Contents/bin/cmake -E cmake_link_script CMakeFiles/cmTC_6c5db.dir/link.txt --verbose=1
/Library/Developer/CommandLineTools/usr/bin/cc   -Wl,-search_paths_first -Wl,-headerpad_max_install_names   CMakeFiles/cmTC_6c5db.dir/CheckIncludeFile.c.o  -o cmTC_6c5db 


Determining if the include file ext/hash_map exists passed with the following output:
Change Dir: /Users/chenyao/Documents/GitHub/cs348b-2018-YaoChen/build/CMakeFiles/CMakeTmp

Run Build Command:"/usr/bin/make" "cmTC_f193d/fast"
/Library/Developer/CommandLineTools/usr/bin/make -f CMakeFiles/cmTC_f193d.dir/build.make CMakeFiles/cmTC_f193d.dir/build
Building CXX object CMakeFiles/cmTC_f193d.dir/CheckIncludeFile.cxx.o
/Library/Developer/CommandLineTools/usr/bin/c++    -std=c++11 -Wno-deprecated-register    -o CMakeFiles/cmTC_f193d.dir/CheckIncludeFile.cxx.o -c /Users/chenyao/Documents/GitHub/cs348b-2018-YaoChen/build/CMakeFiles/CMakeTmp/CheckIncludeFile.cxx
In file included from /Users/chenyao/Documents/GitHub/cs348b-2018-YaoChen/build/CMakeFiles/CMakeTmp/CheckIncludeFile.cxx:1:
/Library/Developer/CommandLineTools/usr/include/c++/v1/ext/hash_map:213:5: warning: Use of the header <ext/hash_map> is deprecated.  Migrate to <unordered_map> [-W#warnings]
#   warning Use of the header <ext/hash_map> is deprecated.  Migrate to <unordered_map>
    ^
1 warning generated.
Linking CXX executable cmTC_f193d
/Library/Python/2.7/site-packages/cmake/data/CMake.app/Contents/bin/cmake -E cmake_link_script CMakeFiles/cmTC_f193d.dir/link.txt --verbose=1
/Library/Developer/CommandLineTools/usr/bin/c++   -std=c++11 -Wno-deprecated-register  -Wl,-search_paths_first -Wl,-headerpad_max_install_names   CMakeFiles/cmTC_f193d.dir/CheckIncludeFile.cxx.o  -o cmTC_f193d 


Determining if the include file ext/hash_set exists passed with the following output:
Change Dir: /Users/chenyao/Documents/GitHub/cs348b-2018-YaoChen/build/CMakeFiles/CMakeTmp

Run Build Command:"/usr/bin/make" "cmTC_0ea47/fast"
/Library/Developer/CommandLineTools/usr/bin/make -f CMakeFiles/cmTC_0ea47.dir/build.make CMakeFiles/cmTC_0ea47.dir/build
Building CXX object CMakeFiles/cmTC_0ea47.dir/CheckIncludeFile.cxx.o
/Library/Developer/CommandLineTools/usr/bin/c++    -std=c++11 -Wno-deprecated-register    -o CMakeFiles/cmTC_0ea47.dir/CheckIncludeFile.cxx.o -c /Users/chenyao/Documents/GitHub/cs348b-2018-YaoChen/build/CMakeFiles/CMakeTmp/CheckIncludeFile.cxx
In file included from /Users/chenyao/Documents/GitHub/cs348b-2018-YaoChen/build/CMakeFiles/CMakeTmp/CheckIncludeFile.cxx:1:
/Library/Developer/CommandLineTools/usr/include/c++/v1/ext/hash_set:205:5: warning: Use of the header <ext/hash_set> is deprecated.  Migrate to <unordered_set> [-W#warnings]
#   warning Use of the header <ext/hash_set> is deprecated.  Migrate to <unordered_set>
    ^
1 warning generated.
Linking CXX executable cmTC_0ea47
/Library/Python/2.7/site-packages/cmake/data/CMake.app/Contents/bin/cmake -E cmake_link_script CMakeFiles/cmTC_0ea47.dir/link.txt --verbose=1
/Library/Developer/CommandLineTools/usr/bin/c++   -std=c++11 -Wno-deprecated-register  -Wl,-search_paths_first -Wl,-headerpad_max_install_names   CMakeFiles/cmTC_0ea47.dir/CheckIncludeFile.cxx.o  -o cmTC_0ea47 


Determining if the include file unordered_map exists passed with the following output:
Change Dir: /Users/chenyao/Documents/GitHub/cs348b-2018-YaoChen/build/CMakeFiles/CMakeTmp

Run Build Command:"/usr/bin/make" "cmTC_0d2f6/fast"
/Library/Developer/CommandLineTools/usr/bin/make -f CMakeFiles/cmTC_0d2f6.dir/build.make CMakeFiles/cmTC_0d2f6.dir/build
Building CXX object CMakeFiles/cmTC_0d2f6.dir/CheckIncludeFile.cxx.o
/Library/Developer/CommandLineTools/usr/bin/c++    -std=c++11 -Wno-deprecated-register    -o CMakeFiles/cmTC_0d2f6.dir/CheckIncludeFile.cxx.o -c /Users/chenyao/Documents/GitHub/cs348b-2018-YaoChen/build/CMakeFiles/CMakeTmp/CheckIncludeFile.cxx
Linking CXX executable cmTC_0d2f6
/Library/Python/2.7/site-packages/cmake/data/CMake.app/Contents/bin/cmake -E cmake_link_script CMakeFiles/cmTC_0d2f6.dir/link.txt --verbose=1
/Library/Developer/CommandLineTools/usr/bin/c++   -std=c++11 -Wno-deprecated-register  -Wl,-search_paths_first -Wl,-headerpad_max_install_names   CMakeFiles/cmTC_0d2f6.dir/CheckIncludeFile.cxx.o  -o cmTC_0d2f6 


Determining if the include file unordered_set exists passed with the following output:
Change Dir: /Users/chenyao/Documents/GitHub/cs348b-2018-YaoChen/build/CMakeFiles/CMakeTmp

Run Build Command:"/usr/bin/make" "cmTC_7c5c0/fast"
/Library/Developer/CommandLineTools/usr/bin/make -f CMakeFiles/cmTC_7c5c0.dir/build.make CMakeFiles/cmTC_7c5c0.dir/build
Building CXX object CMakeFiles/cmTC_7c5c0.dir/CheckIncludeFile.cxx.o
/Library/Developer/CommandLineTools/usr/bin/c++    -std=c++11 -Wno-deprecated-register    -o CMakeFiles/cmTC_7c5c0.dir/CheckIncludeFile.cxx.o -c /Users/chenyao/Documents/GitHub/cs348b-2018-YaoChen/build/CMakeFiles/CMakeTmp/CheckIncludeFile.cxx
Linking CXX executable cmTC_7c5c0
/Library/Python/2.7/site-packages/cmake/data/CMake.app/Contents/bin/cmake -E cmake_link_script CMakeFiles/cmTC_7c5c0.dir/link.txt --verbose=1
/Library/Developer/CommandLineTools/usr/bin/c++   -std=c++11 -Wno-deprecated-register  -Wl,-search_paths_first -Wl,-headerpad_max_install_names   CMakeFiles/cmTC_7c5c0.dir/CheckIncludeFile.cxx.o  -o cmTC_7c5c0 


Determining if the include file stddef.h exists passed with the following output:
Change Dir: /Users/chenyao/Documents/GitHub/cs348b-2018-YaoChen/build/CMakeFiles/CMakeTmp

Run Build Command:"/usr/bin/make" "cmTC_064fb/fast"
/Library/Developer/CommandLineTools/usr/bin/make -f CMakeFiles/cmTC_064fb.dir/build.make CMakeFiles/cmTC_064fb.dir/build
Building C object CMakeFiles/cmTC_064fb.dir/CheckIncludeFile.c.o
/Library/Developer/CommandLineTools/usr/bin/cc    -o CMakeFiles/cmTC_064fb.dir/CheckIncludeFile.c.o   -c /Users/chenyao/Documents/GitHub/cs348b-2018-YaoChen/build/CMakeFiles/CMakeTmp/CheckIncludeFile.c
Linking C executable cmTC_064fb
/Library/Python/2.7/site-packages/cmake/data/CMake.app/Contents/bin/cmake -E cmake_link_script CMakeFiles/cmTC_064fb.dir/link.txt --verbose=1
/Library/Developer/CommandLineTools/usr/bin/cc   -Wl,-search_paths_first -Wl,-headerpad_max_install_names   CMakeFiles/cmTC_064fb.dir/CheckIncludeFile.c.o  -o cmTC_064fb 


Determining size of u_int16_t passed with the following output:
Change Dir: /Users/chenyao/Documents/GitHub/cs348b-2018-YaoChen/build/CMakeFiles/CMakeTmp

Run Build Command:"/usr/bin/make" "cmTC_ac868/fast"
/Library/Developer/CommandLineTools/usr/bin/make -f CMakeFiles/cmTC_ac868.dir/build.make CMakeFiles/cmTC_ac868.dir/build
Building C object CMakeFiles/cmTC_ac868.dir/HAVE_U_INT16_T.c.o
/Library/Developer/CommandLineTools/usr/bin/cc    -o CMakeFiles/cmTC_ac868.dir/HAVE_U_INT16_T.c.o   -c /Users/chenyao/Documents/GitHub/cs348b-2018-YaoChen/build/CMakeFiles/CheckTypeSize/HAVE_U_INT16_T.c
Linking C executable cmTC_ac868
/Library/Python/2.7/site-packages/cmake/data/CMake.app/Contents/bin/cmake -E cmake_link_script CMakeFiles/cmTC_ac868.dir/link.txt --verbose=1
/Library/Developer/CommandLineTools/usr/bin/cc   -Wl,-search_paths_first -Wl,-headerpad_max_install_names   CMakeFiles/cmTC_ac868.dir/HAVE_U_INT16_T.c.o  -o cmTC_ac868 


Determining size of uint16_t passed with the following output:
Change Dir: /Users/chenyao/Documents/GitHub/cs348b-2018-YaoChen/build/CMakeFiles/CMakeTmp

Run Build Command:"/usr/bin/make" "cmTC_e3994/fast"
/Library/Developer/CommandLineTools/usr/bin/make -f CMakeFiles/cmTC_e3994.dir/build.make CMakeFiles/cmTC_e3994.dir/build
Building C object CMakeFiles/cmTC_e3994.dir/HAVE_UINT16_T.c.o
/Library/Developer/CommandLineTools/usr/bin/cc    -o CMakeFiles/cmTC_e3994.dir/HAVE_UINT16_T.c.o   -c /Users/chenyao/Documents/GitHub/cs348b-2018-YaoChen/build/CMakeFiles/CheckTypeSize/HAVE_UINT16_T.c
Linking C executable cmTC_e3994
/Library/Python/2.7/site-packages/cmake/data/CMake.app/Contents/bin/cmake -E cmake_link_script CMakeFiles/cmTC_e3994.dir/link.txt --verbose=1
/Library/Developer/CommandLineTools/usr/bin/cc   -Wl,-search_paths_first -Wl,-headerpad_max_install_names   CMakeFiles/cmTC_e3994.dir/HAVE_UINT16_T.c.o  -o cmTC_e3994 


Determining if the function dladdr exists passed with the following output:
Change Dir: /Users/chenyao/Documents/GitHub/cs348b-2018-YaoChen/build/CMakeFiles/CMakeTmp

Run Build Command:"/usr/bin/make" "cmTC_01489/fast"
/Library/Developer/CommandLineTools/usr/bin/make -f CMakeFiles/cmTC_01489.dir/build.make CMakeFiles/cmTC_01489.dir/build
Building C object CMakeFiles/cmTC_01489.dir/CheckFunctionExists.c.o
/Library/Developer/CommandLineTools/usr/bin/cc   -DCHECK_FUNCTION_EXISTS=dladdr   -o CMakeFiles/cmTC_01489.dir/CheckFunctionExists.c.o   -c /Library/Python/2.7/site-packages/cmake/data/CMake.app/Contents/share/cmake-3.10/Modules/CheckFunctionExists.c
Linking C executable cmTC_01489
/Library/Python/2.7/site-packages/cmake/data/CMake.app/Contents/bin/cmake -E cmake_link_script CMakeFiles/cmTC_01489.dir/link.txt --verbose=1
/Library/Developer/CommandLineTools/usr/bin/cc  -DCHECK_FUNCTION_EXISTS=dladdr -Wl,-search_paths_first -Wl,-headerpad_max_install_names   CMakeFiles/cmTC_01489.dir/CheckFunctionExists.c.o  -o cmTC_01489 


Determining if the function fcntl exists passed with the following output:
Change Dir: /Users/chenyao/Documents/GitHub/cs348b-2018-YaoChen/build/CMakeFiles/CMakeTmp

Run Build Command:"/usr/bin/make" "cmTC_fc27a/fast"
/Library/Developer/CommandLineTools/usr/bin/make -f CMakeFiles/cmTC_fc27a.dir/build.make CMakeFiles/cmTC_fc27a.dir/build
Building C object CMakeFiles/cmTC_fc27a.dir/CheckFunctionExists.c.o
/Library/Developer/CommandLineTools/usr/bin/cc   -DCHECK_FUNCTION_EXISTS=fcntl   -o CMakeFiles/cmTC_fc27a.dir/CheckFunctionExists.c.o   -c /Library/Python/2.7/site-packages/cmake/data/CMake.app/Contents/share/cmake-3.10/Modules/CheckFunctionExists.c
Linking C executable cmTC_fc27a
/Library/Python/2.7/site-packages/cmake/data/CMake.app/Contents/bin/cmake -E cmake_link_script CMakeFiles/cmTC_fc27a.dir/link.txt --verbose=1
/Library/Developer/CommandLineTools/usr/bin/cc  -DCHECK_FUNCTION_EXISTS=fcntl -Wl,-search_paths_first -Wl,-headerpad_max_install_names   CMakeFiles/cmTC_fc27a.dir/CheckFunctionExists.c.o  -o cmTC_fc27a 


Determining if the function pread exists passed with the following output:
Change Dir: /Users/chenyao/Documents/GitHub/cs348b-2018-YaoChen/build/CMakeFiles/CMakeTmp

Run Build Command:"/usr/bin/make" "cmTC_3f1b6/fast"
/Library/Developer/CommandLineTools/usr/bin/make -f CMakeFiles/cmTC_3f1b6.dir/build.make CMakeFiles/cmTC_3f1b6.dir/build
Building C object CMakeFiles/cmTC_3f1b6.dir/CheckFunctionExists.c.o
/Library/Developer/CommandLineTools/usr/bin/cc   -DCHECK_FUNCTION_EXISTS=pread   -o CMakeFiles/cmTC_3f1b6.dir/CheckFunctionExists.c.o   -c /Library/Python/2.7/site-packages/cmake/data/CMake.app/Contents/share/cmake-3.10/Modules/CheckFunctionExists.c
Linking C executable cmTC_3f1b6
/Library/Python/2.7/site-packages/cmake/data/CMake.app/Contents/bin/cmake -E cmake_link_script CMakeFiles/cmTC_3f1b6.dir/link.txt --verbose=1
/Library/Developer/CommandLineTools/usr/bin/cc  -DCHECK_FUNCTION_EXISTS=pread -Wl,-search_paths_first -Wl,-headerpad_max_install_names   CMakeFiles/cmTC_3f1b6.dir/CheckFunctionExists.c.o  -o cmTC_3f1b6 


Determining if the function pwrite exists passed with the following output:
Change Dir: /Users/chenyao/Documents/GitHub/cs348b-2018-YaoChen/build/CMakeFiles/CMakeTmp

Run Build Command:"/usr/bin/make" "cmTC_f35fb/fast"
/Library/Developer/CommandLineTools/usr/bin/make -f CMakeFiles/cmTC_f35fb.dir/build.make CMakeFiles/cmTC_f35fb.dir/build
Building C object CMakeFiles/cmTC_f35fb.dir/CheckFunctionExists.c.o
/Library/Developer/CommandLineTools/usr/bin/cc   -DCHECK_FUNCTION_EXISTS=pwrite   -o CMakeFiles/cmTC_f35fb.dir/CheckFunctionExists.c.o   -c /Library/Python/2.7/site-packages/cmake/data/CMake.app/Contents/share/cmake-3.10/Modules/CheckFunctionExists.c
Linking C executable cmTC_f35fb
/Library/Python/2.7/site-packages/cmake/data/CMake.app/Contents/bin/cmake -E cmake_link_script CMakeFiles/cmTC_f35fb.dir/link.txt --verbose=1
/Library/Developer/CommandLineTools/usr/bin/cc  -DCHECK_FUNCTION_EXISTS=pwrite -Wl,-search_paths_first -Wl,-headerpad_max_install_names   CMakeFiles/cmTC_f35fb.dir/CheckFunctionExists.c.o  -o cmTC_f35fb 


Determining if the function sigaction exists passed with the following output:
Change Dir: /Users/chenyao/Documents/GitHub/cs348b-2018-YaoChen/build/CMakeFiles/CMakeTmp

Run Build Command:"/usr/bin/make" "cmTC_2ac34/fast"
/Library/Developer/CommandLineTools/usr/bin/make -f CMakeFiles/cmTC_2ac34.dir/build.make CMakeFiles/cmTC_2ac34.dir/build
Building C object CMakeFiles/cmTC_2ac34.dir/CheckFunctionExists.c.o
/Library/Developer/CommandLineTools/usr/bin/cc   -DCHECK_FUNCTION_EXISTS=sigaction   -o CMakeFiles/cmTC_2ac34.dir/CheckFunctionExists.c.o   -c /Library/Python/2.7/site-packages/cmake/data/CMake.app/Contents/share/cmake-3.10/Modules/CheckFunctionExists.c
Linking C executable cmTC_2ac34
/Library/Python/2.7/site-packages/cmake/data/CMake.app/Contents/bin/cmake -E cmake_link_script CMakeFiles/cmTC_2ac34.dir/link.txt --verbose=1
/Library/Developer/CommandLineTools/usr/bin/cc  -DCHECK_FUNCTION_EXISTS=sigaction -Wl,-search_paths_first -Wl,-headerpad_max_install_names   CMakeFiles/cmTC_2ac34.dir/CheckFunctionExists.c.o  -o cmTC_2ac34 


Determining if the function sigaltstack exists passed with the following output:
Change Dir: /Users/chenyao/Documents/GitHub/cs348b-2018-YaoChen/build/CMakeFiles/CMakeTmp

Run Build Command:"/usr/bin/make" "cmTC_2dd29/fast"
/Library/Developer/CommandLineTools/usr/bin/make -f CMakeFiles/cmTC_2dd29.dir/build.make CMakeFiles/cmTC_2dd29.dir/build
Building C object CMakeFiles/cmTC_2dd29.dir/CheckFunctionExists.c.o
/Library/Developer/CommandLineTools/usr/bin/cc   -DCHECK_FUNCTION_EXISTS=sigaltstack   -o CMakeFiles/cmTC_2dd29.dir/CheckFunctionExists.c.o   -c /Library/Python/2.7/site-packages/cmake/data/CMake.app/Contents/share/cmake-3.10/Modules/CheckFunctionExists.c
Linking C executable cmTC_2dd29
/Library/Python/2.7/site-packages/cmake/data/CMake.app/Contents/bin/cmake -E cmake_link_script CMakeFiles/cmTC_2dd29.dir/link.txt --verbose=1
/Library/Developer/CommandLineTools/usr/bin/cc  -DCHECK_FUNCTION_EXISTS=sigaltstack -Wl,-search_paths_first -Wl,-headerpad_max_install_names   CMakeFiles/cmTC_2dd29.dir/CheckFunctionExists.c.o  -o cmTC_2dd29 


Performing C++ SOURCE FILE Test HAVE_NO_DEPRECATED succeeded with the following output:
Change Dir: /Users/chenyao/Documents/GitHub/cs348b-2018-YaoChen/build/CMakeFiles/CMakeTmp

Run Build Command:"/usr/bin/make" "cmTC_d74fe/fast"
/Library/Developer/CommandLineTools/usr/bin/make -f CMakeFiles/cmTC_d74fe.dir/build.make CMakeFiles/cmTC_d74fe.dir/build
Building CXX object CMakeFiles/cmTC_d74fe.dir/src.cxx.o
/Library/Developer/CommandLineTools/usr/bin/c++    -std=c++11 -Wno-deprecated-register -DHAVE_NO_DEPRECATED   -Wno-deprecated -o CMakeFiles/cmTC_d74fe.dir/src.cxx.o -c /Users/chenyao/Documents/GitHub/cs348b-2018-YaoChen/build/CMakeFiles/CMakeTmp/src.cxx
Linking CXX executable cmTC_d74fe
/Library/Python/2.7/site-packages/cmake/data/CMake.app/Contents/bin/cmake -E cmake_link_script CMakeFiles/cmTC_d74fe.dir/link.txt --verbose=1
/Library/Developer/CommandLineTools/usr/bin/c++   -std=c++11 -Wno-deprecated-register -DHAVE_NO_DEPRECATED -Wl,-search_paths_first -Wl,-headerpad_max_install_names   CMakeFiles/cmTC_d74fe.dir/src.cxx.o  -o cmTC_d74fe 

Source file was:
int main() { return 0; }
Performing C++ SOURCE FILE Test HAVE_NO_UNNAMED_TYPE_TEMPLATE_ARGS succeeded with the following output:
Change Dir: /Users/chenyao/Documents/GitHub/cs348b-2018-YaoChen/build/CMakeFiles/CMakeTmp

Run Build Command:"/usr/bin/make" "cmTC_dc367/fast"
/Library/Developer/CommandLineTools/usr/bin/make -f CMakeFiles/cmTC_dc367.dir/build.make CMakeFiles/cmTC_dc367.dir/build
Building CXX object CMakeFiles/cmTC_dc367.dir/src.cxx.o
/Library/Developer/CommandLineTools/usr/bin/c++    -std=c++11 -Wno-deprecated-register -DHAVE_NO_UNNAMED_TYPE_TEMPLATE_ARGS   -Wno-unnamed-type-template-args -o CMakeFiles/cmTC_dc367.dir/src.cxx.o -c /Users/chenyao/Documents/GitHub/cs348b-2018-YaoChen/build/CMakeFiles/CMakeTmp/src.cxx
Linking CXX executable cmTC_dc367
/Library/Python/2.7/site-packages/cmake/data/CMake.app/Contents/bin/cmake -E cmake_link_script CMakeFiles/cmTC_dc367.dir/link.txt --verbose=1
/Library/Developer/CommandLineTools/usr/bin/c++   -std=c++11 -Wno-deprecated-register -DHAVE_NO_UNNAMED_TYPE_TEMPLATE_ARGS -Wl,-search_paths_first -Wl,-headerpad_max_install_names   CMakeFiles/cmTC_dc367.dir/src.cxx.o  -o cmTC_dc367 

Source file was:
int main() { return 0; }
Determining if the snprintf exist passed with the following output:
Change Dir: /Users/chenyao/Documents/GitHub/cs348b-2018-YaoChen/build/CMakeFiles/CMakeTmp

Run Build Command:"/usr/bin/make" "cmTC_6c563/fast"
/Library/Developer/CommandLineTools/usr/bin/make -f CMakeFiles/cmTC_6c563.dir/build.make CMakeFiles/cmTC_6c563.dir/build
Building C object CMakeFiles/cmTC_6c563.dir/CheckSymbolExists.c.o
/Library/Developer/CommandLineTools/usr/bin/cc    -o CMakeFiles/cmTC_6c563.dir/CheckSymbolExists.c.o   -c /Users/chenyao/Documents/GitHub/cs348b-2018-YaoChen/build/CMakeFiles/CMakeTmp/CheckSymbolExists.c
Linking C executable cmTC_6c563
/Library/Python/2.7/site-packages/cmake/data/CMake.app/Contents/bin/cmake -E cmake_link_script CMakeFiles/cmTC_6c563.dir/link.txt --verbose=1
/Library/Developer/CommandLineTools/usr/bin/cc   -Wl,-search_paths_first -Wl,-headerpad_max_install_names   CMakeFiles/cmTC_6c563.dir/CheckSymbolExists.c.o  -o cmTC_6c563 

File /Users/chenyao/Documents/GitHub/cs348b-2018-YaoChen/build/CMakeFiles/CMakeTmp/CheckSymbolExists.c:
/* */
#include <stdio.h>

int main(int argc, char** argv)
{
  (void)argv;
#ifndef snprintf
  return ((int*)(&snprintf))[argc];
#else
  (void)argc;
  return 0;
#endif
}

Performing C SOURCE FILE Test HAVE___ATTRIBUTE__ succeeded with the following output:
Change Dir: /Users/chenyao/Documents/GitHub/cs348b-2018-YaoChen/build/CMakeFiles/CMakeTmp

Run Build Command:"/usr/bin/make" "cmTC_a8329/fast"
/Library/Developer/CommandLineTools/usr/bin/make -f CMakeFiles/cmTC_a8329.dir/build.make CMakeFiles/cmTC_a8329.dir/build
Building C object CMakeFiles/cmTC_a8329.dir/src.c.o
/Library/Developer/CommandLineTools/usr/bin/cc   -DHAVE___ATTRIBUTE__   -o CMakeFiles/cmTC_a8329.dir/src.c.o   -c /Users/chenyao/Documents/GitHub/cs348b-2018-YaoChen/build/CMakeFiles/CMakeTmp/src.c
Linking C executable cmTC_a8329
/Library/Python/2.7/site-packages/cmake/data/CMake.app/Contents/bin/cmake -E cmake_link_script CMakeFiles/cmTC_a8329.dir/link.txt --verbose=1
/Library/Developer/CommandLineTools/usr/bin/cc  -DHAVE___ATTRIBUTE__ -Wl,-search_paths_first -Wl,-headerpad_max_install_names   CMakeFiles/cmTC_a8329.dir/src.c.o  -o cmTC_a8329 

Source file was:

#include <stdlib.h>
static void foo(void) __attribute__ ((unused));
int main(void) { return 0; }

Performing C SOURCE FILE Test HAVE___ATTRIBUTE__VISIBILITY_DEFAULT succeeded with the following output:
Change Dir: /Users/chenyao/Documents/GitHub/cs348b-2018-YaoChen/build/CMakeFiles/CMakeTmp

Run Build Command:"/usr/bin/make" "cmTC_2f46c/fast"
/Library/Developer/CommandLineTools/usr/bin/make -f CMakeFiles/cmTC_2f46c.dir/build.make CMakeFiles/cmTC_2f46c.dir/build
Building C object CMakeFiles/cmTC_2f46c.dir/src.c.o
/Library/Developer/CommandLineTools/usr/bin/cc   -DHAVE___ATTRIBUTE__VISIBILITY_DEFAULT   -o CMakeFiles/cmTC_2f46c.dir/src.c.o   -c /Users/chenyao/Documents/GitHub/cs348b-2018-YaoChen/build/CMakeFiles/CMakeTmp/src.c
Linking C executable cmTC_2f46c
/Library/Python/2.7/site-packages/cmake/data/CMake.app/Contents/bin/cmake -E cmake_link_script CMakeFiles/cmTC_2f46c.dir/link.txt --verbose=1
/Library/Developer/CommandLineTools/usr/bin/cc  -DHAVE___ATTRIBUTE__VISIBILITY_DEFAULT -Wl,-search_paths_first -Wl,-headerpad_max_install_names   CMakeFiles/cmTC_2f46c.dir/src.c.o  -o cmTC_2f46c 

Source file was:

#include <stdlib.h>
static void foo(void) __attribute__ ((visibility("default")));
int main(void) { return 0; }

Performing C SOURCE FILE Test HAVE___ATTRIBUTE__VISIBILITY_HIDDEN succeeded with the following output:
Change Dir: /Users/chenyao/Documents/GitHub/cs348b-2018-YaoChen/build/CMakeFiles/CMakeTmp

Run Build Command:"/usr/bin/make" "cmTC_35953/fast"
/Library/Developer/CommandLineTools/usr/bin/make -f CMakeFiles/cmTC_35953.dir/build.make CMakeFiles/cmTC_35953.dir/build
Building C object CMakeFiles/cmTC_35953.dir/src.c.o
/Library/Developer/CommandLineTools/usr/bin/cc   -DHAVE___ATTRIBUTE__VISIBILITY_HIDDEN   -o CMakeFiles/cmTC_35953.dir/src.c.o   -c /Users/chenyao/Documents/GitHub/cs348b-2018-YaoChen/build/CMakeFiles/CMakeTmp/src.c
Linking C executable cmTC_35953
/Library/Python/2.7/site-packages/cmake/data/CMake.app/Contents/bin/cmake -E cmake_link_script CMakeFiles/cmTC_35953.dir/link.txt --verbose=1
/Library/Developer/CommandLineTools/usr/bin/cc  -DHAVE___ATTRIBUTE__VISIBILITY_HIDDEN -Wl,-search_paths_first -Wl,-headerpad_max_install_names   CMakeFiles/cmTC_35953.dir/src.c.o  -o cmTC_35953 

Source file was:

#include <stdlib.h>
static void foo(void) __attribute__ ((visibility("hidden")));
int main(void) { return 0; }

Performing C SOURCE FILE Test HAVE___BUILTIN_EXPECT succeeded with the following output:
Change Dir: /Users/chenyao/Documents/GitHub/cs348b-2018-YaoChen/build/CMakeFiles/CMakeTmp

Run Build Command:"/usr/bin/make" "cmTC_ef06b/fast"
/Library/Developer/CommandLineTools/usr/bin/make -f CMakeFiles/cmTC_ef06b.dir/build.make CMakeFiles/cmTC_ef06b.dir/build
Building C object CMakeFiles/cmTC_ef06b.dir/src.c.o
/Library/Developer/CommandLineTools/usr/bin/cc   -DHAVE___BUILTIN_EXPECT   -o CMakeFiles/cmTC_ef06b.dir/src.c.o   -c /Users/chenyao/Documents/GitHub/cs348b-2018-YaoChen/build/CMakeFiles/CMakeTmp/src.c
Linking C executable cmTC_ef06b
/Library/Python/2.7/site-packages/cmake/data/CMake.app/Contents/bin/cmake -E cmake_link_script CMakeFiles/cmTC_ef06b.dir/link.txt --verbose=1
/Library/Developer/CommandLineTools/usr/bin/cc  -DHAVE___BUILTIN_EXPECT -Wl,-search_paths_first -Wl,-headerpad_max_install_names   CMakeFiles/cmTC_ef06b.dir/src.c.o  -o cmTC_ef06b 

Source file was:

int main(void) { if (__builtin_expect(0, 0)) return 1; return 0; }

Performing C SOURCE FILE Test HAVE___SYNC_VAL_COMPARE_AND_SWAP succeeded with the following output:
Change Dir: /Users/chenyao/Documents/GitHub/cs348b-2018-YaoChen/build/CMakeFiles/CMakeTmp

Run Build Command:"/usr/bin/make" "cmTC_1e361/fast"
/Library/Developer/CommandLineTools/usr/bin/make -f CMakeFiles/cmTC_1e361.dir/build.make CMakeFiles/cmTC_1e361.dir/build
Building C object CMakeFiles/cmTC_1e361.dir/src.c.o
/Library/Developer/CommandLineTools/usr/bin/cc   -DHAVE___SYNC_VAL_COMPARE_AND_SWAP   -o CMakeFiles/cmTC_1e361.dir/src.c.o   -c /Users/chenyao/Documents/GitHub/cs348b-2018-YaoChen/build/CMakeFiles/CMakeTmp/src.c
Linking C executable cmTC_1e361
/Library/Python/2.7/site-packages/cmake/data/CMake.app/Contents/bin/cmake -E cmake_link_script CMakeFiles/cmTC_1e361.dir/link.txt --verbose=1
/Library/Developer/CommandLineTools/usr/bin/cc  -DHAVE___SYNC_VAL_COMPARE_AND_SWAP -Wl,-search_paths_first -Wl,-headerpad_max_install_names   CMakeFiles/cmTC_1e361.dir/src.c.o  -o cmTC_1e361 

Source file was:

int main(void)
{
  int a; if (__sync_val_compare_and_swap(&a, 0, 1)) return 1; return 0;
}

Performing C SOURCE FILE Test HAVE_RWLOCK succeeded with the following output:
Change Dir: /Users/chenyao/Documents/GitHub/cs348b-2018-YaoChen/build/CMakeFiles/CMakeTmp

Run Build Command:"/usr/bin/make" "cmTC_61b0b/fast"
/Library/Developer/CommandLineTools/usr/bin/make -f CMakeFiles/cmTC_61b0b.dir/build.make CMakeFiles/cmTC_61b0b.dir/build
Building C object CMakeFiles/cmTC_61b0b.dir/src.c.o
/Library/Developer/CommandLineTools/usr/bin/cc   -DHAVE_RWLOCK   -o CMakeFiles/cmTC_61b0b.dir/src.c.o   -c /Users/chenyao/Documents/GitHub/cs348b-2018-YaoChen/build/CMakeFiles/CMakeTmp/src.c
Linking C executable cmTC_61b0b
/Library/Python/2.7/site-packages/cmake/data/CMake.app/Contents/bin/cmake -E cmake_link_script CMakeFiles/cmTC_61b0b.dir/link.txt --verbose=1
/Library/Developer/CommandLineTools/usr/bin/cc  -DHAVE_RWLOCK -Wl,-search_paths_first -Wl,-headerpad_max_install_names   CMakeFiles/cmTC_61b0b.dir/src.c.o  -o cmTC_61b0b 

Source file was:

#define _XOPEN_SOURCE 500
#include <pthread.h>
int main(void)
{
  pthread_rwlock_t l;
  pthread_rwlock_init(&l, NULL);
  pthread_rwlock_rdlock(&l);
  return 0;
}

Performing C++ SOURCE FILE Test STL_STD_NAMESPACE succeeded with the following output:
Change Dir: /Users/chenyao/Documents/GitHub/cs348b-2018-YaoChen/build/CMakeFiles/CMakeTmp

Run Build Command:"/usr/bin/make" "cmTC_f6be6/fast"
/Library/Developer/CommandLineTools/usr/bin/make -f CMakeFiles/cmTC_f6be6.dir/build.make CMakeFiles/cmTC_f6be6.dir/build
Building CXX object CMakeFiles/cmTC_f6be6.dir/src.cxx.o
/Library/Developer/CommandLineTools/usr/bin/c++    -std=c++11 -Wno-deprecated-register -DSTL_STD_NAMESPACE   -o CMakeFiles/cmTC_f6be6.dir/src.cxx.o -c /Users/chenyao/Documents/GitHub/cs348b-2018-YaoChen/build/CMakeFiles/CMakeTmp/src.cxx
Linking CXX executable cmTC_f6be6
/Library/Python/2.7/site-packages/cmake/data/CMake.app/Contents/bin/cmake -E cmake_link_script CMakeFiles/cmTC_f6be6.dir/link.txt --verbose=1
/Library/Developer/CommandLineTools/usr/bin/c++   -std=c++11 -Wno-deprecated-register -DSTL_STD_NAMESPACE -Wl,-search_paths_first -Wl,-headerpad_max_install_names   CMakeFiles/cmTC_f6be6.dir/src.cxx.o  -o cmTC_f6be6 

Source file was:

#include <vector>
std::vector<int> t; int main() { }

Performing C++ SOURCE FILE Test HAVE_USING_OPERATOR succeeded with the following output:
Change Dir: /Users/chenyao/Documents/GitHub/cs348b-2018-YaoChen/build/CMakeFiles/CMakeTmp

Run Build Command:"/usr/bin/make" "cmTC_12fb3/fast"
/Library/Developer/CommandLineTools/usr/bin/make -f CMakeFiles/cmTC_12fb3.dir/build.make CMakeFiles/cmTC_12fb3.dir/build
Building CXX object CMakeFiles/cmTC_12fb3.dir/src.cxx.o
/Library/Developer/CommandLineTools/usr/bin/c++    -std=c++11 -Wno-deprecated-register -DHAVE_USING_OPERATOR   -o CMakeFiles/cmTC_12fb3.dir/src.cxx.o -c /Users/chenyao/Documents/GitHub/cs348b-2018-YaoChen/build/CMakeFiles/CMakeTmp/src.cxx
Linking CXX executable cmTC_12fb3
/Library/Python/2.7/site-packages/cmake/data/CMake.app/Contents/bin/cmake -E cmake_link_script CMakeFiles/cmTC_12fb3.dir/link.txt --verbose=1
/Library/Developer/CommandLineTools/usr/bin/c++   -std=c++11 -Wno-deprecated-register -DHAVE_USING_OPERATOR -Wl,-search_paths_first -Wl,-headerpad_max_install_names   CMakeFiles/cmTC_12fb3.dir/src.cxx.o  -o cmTC_12fb3 

Source file was:

#include <iostream>
std::ostream& operator<<(std::ostream&, struct s);
using ::operator<<;
int main() { }

Performing C++ SOURCE FILE Test HAVE_NAMESPACES succeeded with the following output:
Change Dir: /Users/chenyao/Documents/GitHub/cs348b-2018-YaoChen/build/CMakeFiles/CMakeTmp

Run Build Command:"/usr/bin/make" "cmTC_407d3/fast"
/Library/Developer/CommandLineTools/usr/bin/make -f CMakeFiles/cmTC_407d3.dir/build.make CMakeFiles/cmTC_407d3.dir/build
Building CXX object CMakeFiles/cmTC_407d3.dir/src.cxx.o
/Library/Developer/CommandLineTools/usr/bin/c++    -std=c++11 -Wno-deprecated-register -DHAVE_NAMESPACES   -o CMakeFiles/cmTC_407d3.dir/src.cxx.o -c /Users/chenyao/Documents/GitHub/cs348b-2018-YaoChen/build/CMakeFiles/CMakeTmp/src.cxx
Linking CXX executable cmTC_407d3
/Library/Python/2.7/site-packages/cmake/data/CMake.app/Contents/bin/cmake -E cmake_link_script CMakeFiles/cmTC_407d3.dir/link.txt --verbose=1
/Library/Developer/CommandLineTools/usr/bin/c++   -std=c++11 -Wno-deprecated-register -DHAVE_NAMESPACES -Wl,-search_paths_first -Wl,-headerpad_max_install_names   CMakeFiles/cmTC_407d3.dir/src.cxx.o  -o cmTC_407d3 

Source file was:

namespace Outer { namespace Inner { int i = 0; }}
using namespace Outer::Inner;;
int main() { return i; }

